{"session":"85010bdfeb0c","build":"182.4892.20","bucket":"-1","time":1541021940413,"group":{"id":"lifecycle","version":"2"},"event":{"count":1,"data":{},"id":"ideaapp.started"}}
{"session":"85010bdfeb0c","build":"182.4892.20","bucket":"-1","time":1541021940437,"group":{"id":"lifecycle","version":"2"},"event":{"count":1,"data":{},"id":"app.started"}}
{"session":"85010bdfeb0c","build":"182.4892.20","bucket":"-1","time":1541021957337,"group":{"id":"ui.dialogs","version":"2"},"event":{"count":1,"data":{"type":"show"},"id":"com.intellij.openapi.progress.util.ProgressDialog$MyDialogWrapper"}}
{"session":"85010bdfeb0c","build":"182.4892.20","bucket":"-1","time":1541021958131,"group":{"id":"ui.dialogs","version":"2"},"event":{"count":1,"data":{"code":1,"type":"close"},"id":"com.intellij.openapi.progress.util.ProgressDialog$MyDialogWrapper"}}
{"session":"85010bdfeb0c","build":"182.4892.20","bucket":"-1","time":1541021958150,"group":{"id":"lifecycle","version":"2"},"event":{"count":1,"data":{},"id":"project.opened"}}
{"session":"85010bdfeb0c","build":"182.4892.20","bucket":"-1","time":1541021959029,"group":{"id":"ui.dialogs","version":"2"},"event":{"count":1,"data":{"type":"show"},"id":"com.intellij.openapi.progress.util.ProgressDialog$MyDialogWrapper"}}
{"session":"85010bdfeb0c","build":"182.4892.20","bucket":"-1","time":1541021959194,"group":{"id":"toolwindow","version":"2"},"event":{"count":1,"data":{},"id":"Project_by_Activation"}}
{"session":"85010bdfeb0c","build":"182.4892.20","bucket":"-1","time":1541021959678,"group":{"id":"ui.dialogs","version":"2"},"event":{"count":1,"data":{"type":"show"},"id":"com.intellij.ide.util.TipDialog"}}
{"session":"85010bdfeb0c","build":"182.4892.20","bucket":"-1","time":1541021959767,"group":{"id":"ui.dialogs","version":"2"},"event":{"count":1,"data":{"code":1,"type":"close"},"id":"com.intellij.openapi.progress.util.ProgressDialog$MyDialogWrapper"}}
{"session":"85010bdfeb0c","build":"182.4892.20","bucket":"-1","time":1541021960208,"group":{"id":"lifecycle","version":"2"},"event":{"count":1,"data":{"time.ms":3199},"id":"project.opening.finished"}}
{"session":"85010bdfeb0c","build":"182.4892.20","bucket":"-1","time":1541021961337,"group":{"id":"system.os.name","version":"2"},"event":{"data":{},"id":"Mac.OS.X"}}
{"session":"85010bdfeb0c","build":"182.4892.20","bucket":"-1","time":1541021961338,"group":{"id":"system.os.version","version":"2"},"event":{"data":{},"id":"10.13.6"}}
{"session":"85010bdfeb0c","build":"182.4892.20","bucket":"-1","time":1541021961338,"group":{"id":"system.jvm.vendor","version":"2"},"event":{"data":{},"id":"JetBrains_s.r.o"}}
{"session":"85010bdfeb0c","build":"182.4892.20","bucket":"-1","time":1541021961339,"group":{"id":"system.jvm.version","version":"2"},"event":{"data":{},"id":"1.8"}}
{"session":"85010bdfeb0c","build":"182.4892.20","bucket":"-1","time":1541021978685,"group":{"id":"ui.dialogs","version":"2"},"event":{"count":1,"data":{"code":1,"type":"close"},"id":"com.intellij.ide.util.TipDialog"}}
{"session":"85010bdfeb0c","build":"182.4892.20","bucket":"-1","time":1541022028465,"group":{"id":"actions","version":"2"},"event":{"count":1,"data":{},"id":"third.party.plugin.action"}}
{"session":"85010bdfeb0c","build":"182.4892.20","bucket":"-1","time":1541022043316,"group":{"id":"toolwindow","version":"2"},"event":{"count":1,"data":{},"id":"Test_Tool_Window_by_Activation"}}
{"session":"85010bdfeb0c","build":"182.4892.20","bucket":"-1","time":1541022043424,"group":{"id":"lifecycle","version":"2"},"event":{"count":1,"data":{"mappingFailed":false,"oom":false},"id":"ide.error"}}
{"session":"85010bdfeb0c","build":"182.4892.20","bucket":"-1","time":1541022052373,"group":{"id":"toolwindow","version":"2"},"event":{"count":3,"data":{},"id":"Test_Tool_Window_by_Activation"}}
{"session":"85010bdfeb0c","build":"182.4892.20","bucket":"-1","time":1541022059265,"group":{"id":"lifecycle","version":"2"},"event":{"count":1,"data":{},"id":"project.closed"}}
{"session":"85010bdfeb0c","build":"182.4892.20","bucket":"-1","time":1541022060607,"group":{"id":"lifecycle","version":"2"},"event":{"count":1,"data":{"restart":false},"id":"app.closed"}}
{"session":"85010bdfeb0c","build":"182.4892.20","bucket":"-1","time":1541022060906,"group":{"id":"lifecycle","version":"2"},"event":{"count":1,"data":{},"id":"ideaapp.closed"}}
