{"session":"dc086a71e698","build":"182.4892.20","bucket":"-1","time":1541023703279,"group":{"id":"lifecycle","version":"2"},"event":{"count":1,"data":{},"id":"ideaapp.started"}}
{"session":"dc086a71e698","build":"182.4892.20","bucket":"-1","time":1541023703323,"group":{"id":"lifecycle","version":"2"},"event":{"count":1,"data":{},"id":"app.started"}}
{"session":"dc086a71e698","build":"182.4892.20","bucket":"-1","time":1541023705984,"group":{"id":"ui.dialogs","version":"2"},"event":{"count":1,"data":{"type":"show"},"id":"com.intellij.openapi.progress.util.ProgressDialog$MyDialogWrapper"}}
{"session":"dc086a71e698","build":"182.4892.20","bucket":"-1","time":1541023706546,"group":{"id":"ui.dialogs","version":"2"},"event":{"count":1,"data":{"code":1,"type":"close"},"id":"com.intellij.openapi.progress.util.ProgressDialog$MyDialogWrapper"}}
{"session":"dc086a71e698","build":"182.4892.20","bucket":"-1","time":1541023706571,"group":{"id":"lifecycle","version":"2"},"event":{"count":1,"data":{},"id":"project.opened"}}
{"session":"dc086a71e698","build":"182.4892.20","bucket":"-1","time":1541023707423,"group":{"id":"ui.dialogs","version":"2"},"event":{"count":1,"data":{"type":"show"},"id":"com.intellij.openapi.progress.util.ProgressDialog$MyDialogWrapper"}}
{"session":"dc086a71e698","build":"182.4892.20","bucket":"-1","time":1541023707590,"group":{"id":"toolwindow","version":"2"},"event":{"count":1,"data":{},"id":"Project_by_Activation"}}
{"session":"dc086a71e698","build":"182.4892.20","bucket":"-1","time":1541023707883,"group":{"id":"lifecycle","version":"2"},"event":{"count":1,"data":{"mappingFailed":false,"oom":false},"id":"ide.error"}}
{"session":"dc086a71e698","build":"182.4892.20","bucket":"-1","time":1541023708096,"group":{"id":"ui.dialogs","version":"2"},"event":{"count":1,"data":{"type":"show"},"id":"com.intellij.ide.util.TipDialog"}}
{"session":"dc086a71e698","build":"182.4892.20","bucket":"-1","time":1541023708292,"group":{"id":"ui.dialogs","version":"2"},"event":{"count":1,"data":{"code":1,"type":"close"},"id":"com.intellij.openapi.progress.util.ProgressDialog$MyDialogWrapper"}}
{"session":"dc086a71e698","build":"182.4892.20","bucket":"-1","time":1541023708591,"group":{"id":"lifecycle","version":"2"},"event":{"count":1,"data":{"time.ms":2937},"id":"project.opening.finished"}}
{"session":"dc086a71e698","build":"182.4892.20","bucket":"-1","time":1541023709254,"group":{"id":"system.os.name","version":"2"},"event":{"data":{},"id":"Mac.OS.X"}}
{"session":"dc086a71e698","build":"182.4892.20","bucket":"-1","time":1541023709255,"group":{"id":"system.os.version","version":"2"},"event":{"data":{},"id":"10.13.6"}}
{"session":"dc086a71e698","build":"182.4892.20","bucket":"-1","time":1541023709255,"group":{"id":"system.jvm.vendor","version":"2"},"event":{"data":{},"id":"JetBrains_s.r.o"}}
{"session":"dc086a71e698","build":"182.4892.20","bucket":"-1","time":1541023709256,"group":{"id":"system.jvm.version","version":"2"},"event":{"data":{},"id":"1.8"}}
{"session":"dc086a71e698","build":"182.4892.20","bucket":"-1","time":1541023711501,"group":{"id":"ui.dialogs","version":"2"},"event":{"count":1,"data":{"code":1,"type":"close"},"id":"com.intellij.ide.util.TipDialog"}}
{"session":"dc086a71e698","build":"182.4892.20","bucket":"-1","time":1541023713397,"group":{"id":"ui.dialogs","version":"2"},"event":{"count":1,"data":{"type":"show"},"id":"com.intellij.diagnostic.IdeMessagePanel$3"}}
{"session":"dc086a71e698","build":"182.4892.20","bucket":"-1","time":1541023729743,"group":{"id":"ui.dialogs","version":"2"},"event":{"count":1,"data":{"code":1,"type":"close"},"id":"com.intellij.diagnostic.IdeMessagePanel$3"}}
{"session":"dc086a71e698","build":"182.4892.20","bucket":"-1","time":1541023733904,"group":{"id":"lifecycle","version":"2"},"event":{"count":1,"data":{},"id":"project.closed"}}
{"session":"dc086a71e698","build":"182.4892.20","bucket":"-1","time":1541023735918,"group":{"id":"lifecycle","version":"2"},"event":{"count":1,"data":{"restart":false},"id":"app.closed"}}
{"session":"dc086a71e698","build":"182.4892.20","bucket":"-1","time":1541023736187,"group":{"id":"lifecycle","version":"2"},"event":{"count":1,"data":{},"id":"ideaapp.closed"}}
