{"session":"564c47b9e13e","build":"182.4892.20","bucket":"-1","time":1541027594896,"group":{"id":"lifecycle","version":"2"},"event":{"count":1,"data":{},"id":"ideaapp.started"}}
{"session":"564c47b9e13e","build":"182.4892.20","bucket":"-1","time":1541027594930,"group":{"id":"lifecycle","version":"2"},"event":{"count":1,"data":{},"id":"app.started"}}
{"session":"564c47b9e13e","build":"182.4892.20","bucket":"-1","time":1541027596920,"group":{"id":"lifecycle","version":"2"},"event":{"count":1,"data":{"mappingFailed":false,"oom":false},"id":"ide.error"}}
{"session":"564c47b9e13e","build":"182.4892.20","bucket":"-1","time":1541027596981,"group":{"id":"ui.dialogs","version":"2"},"event":{"count":1,"data":{"type":"show"},"id":"com.intellij.openapi.progress.util.ProgressDialog$MyDialogWrapper"}}
{"session":"564c47b9e13e","build":"182.4892.20","bucket":"-1","time":1541027598650,"group":{"id":"ui.dialogs","version":"2"},"event":{"count":1,"data":{"code":1,"type":"close"},"id":"com.intellij.openapi.progress.util.ProgressDialog$MyDialogWrapper"}}
{"session":"564c47b9e13e","build":"182.4892.20","bucket":"-1","time":1541027598701,"group":{"id":"lifecycle","version":"2"},"event":{"count":1,"data":{},"id":"project.opened"}}
{"session":"564c47b9e13e","build":"182.4892.20","bucket":"-1","time":1541027600035,"group":{"id":"ui.dialogs","version":"2"},"event":{"count":1,"data":{"type":"show"},"id":"com.intellij.openapi.progress.util.ProgressDialog$MyDialogWrapper"}}
{"session":"564c47b9e13e","build":"182.4892.20","bucket":"-1","time":1541027600270,"group":{"id":"toolwindow","version":"2"},"event":{"count":1,"data":{},"id":"Project_by_Activation"}}
{"session":"564c47b9e13e","build":"182.4892.20","bucket":"-1","time":1541027600987,"group":{"id":"ui.dialogs","version":"2"},"event":{"count":1,"data":{"type":"show"},"id":"com.intellij.ide.util.TipDialog"}}
{"session":"564c47b9e13e","build":"182.4892.20","bucket":"-1","time":1541027601185,"group":{"id":"ui.dialogs","version":"2"},"event":{"count":1,"data":{"code":1,"type":"close"},"id":"com.intellij.openapi.progress.util.ProgressDialog$MyDialogWrapper"}}
{"session":"564c47b9e13e","build":"182.4892.20","bucket":"-1","time":1541027601602,"group":{"id":"lifecycle","version":"2"},"event":{"count":1,"data":{"time.ms":4976},"id":"project.opening.finished"}}
{"session":"564c47b9e13e","build":"182.4892.20","bucket":"-1","time":1541027604239,"group":{"id":"ui.dialogs","version":"2"},"event":{"count":1,"data":{"code":1,"type":"close"},"id":"com.intellij.ide.util.TipDialog"}}
{"session":"564c47b9e13e","build":"182.4892.20","bucket":"-1","time":1541027604919,"group":{"id":"system.os.name","version":"2"},"event":{"data":{},"id":"Mac.OS.X"}}
{"session":"564c47b9e13e","build":"182.4892.20","bucket":"-1","time":1541027604920,"group":{"id":"system.os.version","version":"2"},"event":{"data":{},"id":"10.13.6"}}
{"session":"564c47b9e13e","build":"182.4892.20","bucket":"-1","time":1541027604921,"group":{"id":"system.jvm.vendor","version":"2"},"event":{"data":{},"id":"JetBrains_s.r.o"}}
{"session":"564c47b9e13e","build":"182.4892.20","bucket":"-1","time":1541027604922,"group":{"id":"system.jvm.version","version":"2"},"event":{"data":{},"id":"1.8"}}
{"session":"564c47b9e13e","build":"182.4892.20","bucket":"-1","time":1541027608431,"group":{"id":"ui.dialogs","version":"2"},"event":{"count":1,"data":{"type":"show"},"id":"com.intellij.diagnostic.IdeMessagePanel$3"}}
{"session":"564c47b9e13e","build":"182.4892.20","bucket":"-1","time":1541027645707,"group":{"id":"ui.dialogs","version":"2"},"event":{"count":1,"data":{"code":1,"type":"close"},"id":"com.intellij.diagnostic.IdeMessagePanel$3"}}
{"session":"564c47b9e13e","build":"182.4892.20","bucket":"-1","time":1541027649105,"group":{"id":"lifecycle","version":"2"},"event":{"count":1,"data":{},"id":"project.closed"}}
{"session":"564c47b9e13e","build":"182.4892.20","bucket":"-1","time":1541027651744,"group":{"id":"lifecycle","version":"2"},"event":{"count":1,"data":{"restart":false},"id":"app.closed"}}
{"session":"564c47b9e13e","build":"182.4892.20","bucket":"-1","time":1541027652231,"group":{"id":"lifecycle","version":"2"},"event":{"count":1,"data":{},"id":"ideaapp.closed"}}
