{"session":"d3ebd7072bb2","build":"182.4892.20","bucket":"-1","time":1541025983976,"group":{"id":"lifecycle","version":"2"},"event":{"count":1,"data":{},"id":"ideaapp.started"}}
{"session":"d3ebd7072bb2","build":"182.4892.20","bucket":"-1","time":1541025983999,"group":{"id":"lifecycle","version":"2"},"event":{"count":1,"data":{},"id":"app.started"}}
{"session":"d3ebd7072bb2","build":"182.4892.20","bucket":"-1","time":1541025985843,"group":{"id":"ui.dialogs","version":"2"},"event":{"count":1,"data":{"type":"show"},"id":"com.intellij.openapi.progress.util.ProgressDialog$MyDialogWrapper"}}
{"session":"d3ebd7072bb2","build":"182.4892.20","bucket":"-1","time":1541025986743,"group":{"id":"ui.dialogs","version":"2"},"event":{"count":1,"data":{"code":1,"type":"close"},"id":"com.intellij.openapi.progress.util.ProgressDialog$MyDialogWrapper"}}
{"session":"d3ebd7072bb2","build":"182.4892.20","bucket":"-1","time":1541025986762,"group":{"id":"lifecycle","version":"2"},"event":{"count":1,"data":{},"id":"project.opened"}}
{"session":"d3ebd7072bb2","build":"182.4892.20","bucket":"-1","time":1541025987536,"group":{"id":"ui.dialogs","version":"2"},"event":{"count":1,"data":{"type":"show"},"id":"com.intellij.openapi.progress.util.ProgressDialog$MyDialogWrapper"}}
{"session":"d3ebd7072bb2","build":"182.4892.20","bucket":"-1","time":1541025987695,"group":{"id":"toolwindow","version":"2"},"event":{"count":1,"data":{},"id":"Project_by_Activation"}}
{"session":"d3ebd7072bb2","build":"182.4892.20","bucket":"-1","time":1541025987980,"group":{"id":"lifecycle","version":"2"},"event":{"count":1,"data":{"mappingFailed":false,"oom":false},"id":"ide.error"}}
{"session":"d3ebd7072bb2","build":"182.4892.20","bucket":"-1","time":1541025988170,"group":{"id":"ui.dialogs","version":"2"},"event":{"count":1,"data":{"type":"show"},"id":"com.intellij.ide.util.TipDialog"}}
{"session":"d3ebd7072bb2","build":"182.4892.20","bucket":"-1","time":1541025988254,"group":{"id":"ui.dialogs","version":"2"},"event":{"count":1,"data":{"code":1,"type":"close"},"id":"com.intellij.openapi.progress.util.ProgressDialog$MyDialogWrapper"}}
{"session":"d3ebd7072bb2","build":"182.4892.20","bucket":"-1","time":1541025988590,"group":{"id":"lifecycle","version":"2"},"event":{"count":1,"data":{"time.ms":3098},"id":"project.opening.finished"}}
{"session":"d3ebd7072bb2","build":"182.4892.20","bucket":"-1","time":1541025989335,"group":{"id":"system.os.name","version":"2"},"event":{"data":{},"id":"Mac.OS.X"}}
{"session":"d3ebd7072bb2","build":"182.4892.20","bucket":"-1","time":1541025989335,"group":{"id":"system.os.version","version":"2"},"event":{"data":{},"id":"10.13.6"}}
{"session":"d3ebd7072bb2","build":"182.4892.20","bucket":"-1","time":1541025989336,"group":{"id":"system.jvm.vendor","version":"2"},"event":{"data":{},"id":"JetBrains_s.r.o"}}
{"session":"d3ebd7072bb2","build":"182.4892.20","bucket":"-1","time":1541025989336,"group":{"id":"system.jvm.version","version":"2"},"event":{"data":{},"id":"1.8"}}
{"session":"d3ebd7072bb2","build":"182.4892.20","bucket":"-1","time":1541025991472,"group":{"id":"ui.dialogs","version":"2"},"event":{"count":1,"data":{"code":1,"type":"close"},"id":"com.intellij.ide.util.TipDialog"}}
{"session":"d3ebd7072bb2","build":"182.4892.20","bucket":"-1","time":1541025992598,"group":{"id":"toolwindow","version":"2"},"event":{"count":5,"data":{},"id":"Test_Tool_Window_by_Activation"}}
{"session":"d3ebd7072bb2","build":"182.4892.20","bucket":"-1","time":1541026000038,"group":{"id":"ui.dialogs","version":"2"},"event":{"count":1,"data":{"type":"show"},"id":"com.intellij.diagnostic.IdeMessagePanel$3"}}
{"session":"d3ebd7072bb2","build":"182.4892.20","bucket":"-1","time":1541026015562,"group":{"id":"ui.dialogs","version":"2"},"event":{"count":1,"data":{"code":1,"type":"close"},"id":"com.intellij.diagnostic.IdeMessagePanel$3"}}
{"session":"d3ebd7072bb2","build":"182.4892.20","bucket":"-1","time":1541026015577,"group":{"id":"toolwindow","version":"2"},"event":{"count":1,"data":{},"id":"Project_by_Activation"}}
{"session":"d3ebd7072bb2","build":"182.4892.20","bucket":"-1","time":1541026021337,"group":{"id":"lifecycle","version":"2"},"event":{"count":1,"data":{},"id":"project.closed"}}
{"session":"d3ebd7072bb2","build":"182.4892.20","bucket":"-1","time":1541026023144,"group":{"id":"lifecycle","version":"2"},"event":{"count":1,"data":{"restart":false},"id":"app.closed"}}
{"session":"d3ebd7072bb2","build":"182.4892.20","bucket":"-1","time":1541026023439,"group":{"id":"lifecycle","version":"2"},"event":{"count":1,"data":{},"id":"ideaapp.closed"}}
