{"session":"36e29ce79ce9","build":"182.4892.20","bucket":"-1","time":1541027688436,"group":{"id":"lifecycle","version":"2"},"event":{"count":1,"data":{},"id":"ideaapp.started"}}
{"session":"36e29ce79ce9","build":"182.4892.20","bucket":"-1","time":1541027688470,"group":{"id":"lifecycle","version":"2"},"event":{"count":1,"data":{},"id":"app.started"}}
{"session":"36e29ce79ce9","build":"182.4892.20","bucket":"-1","time":1541027689932,"group":{"id":"ui.dialogs","version":"2"},"event":{"count":1,"data":{"type":"show"},"id":"com.intellij.openapi.progress.util.ProgressDialog$MyDialogWrapper"}}
{"session":"36e29ce79ce9","build":"182.4892.20","bucket":"-1","time":1541027690311,"group":{"id":"lifecycle","version":"2"},"event":{"count":1,"data":{"mappingFailed":false,"oom":false},"id":"ide.error"}}
{"session":"36e29ce79ce9","build":"182.4892.20","bucket":"-1","time":1541027691791,"group":{"id":"ui.dialogs","version":"2"},"event":{"count":1,"data":{"code":1,"type":"close"},"id":"com.intellij.openapi.progress.util.ProgressDialog$MyDialogWrapper"}}
{"session":"36e29ce79ce9","build":"182.4892.20","bucket":"-1","time":1541027691830,"group":{"id":"lifecycle","version":"2"},"event":{"count":1,"data":{},"id":"project.opened"}}
{"session":"36e29ce79ce9","build":"182.4892.20","bucket":"-1","time":1541027693344,"group":{"id":"ui.dialogs","version":"2"},"event":{"count":1,"data":{"type":"show"},"id":"com.intellij.openapi.progress.util.ProgressDialog$MyDialogWrapper"}}
{"session":"36e29ce79ce9","build":"182.4892.20","bucket":"-1","time":1541027693587,"group":{"id":"toolwindow","version":"2"},"event":{"count":1,"data":{},"id":"Project_by_Activation"}}
{"session":"36e29ce79ce9","build":"182.4892.20","bucket":"-1","time":1541027694147,"group":{"id":"lifecycle","version":"2"},"event":{"count":1,"data":{"mappingFailed":false,"oom":false},"id":"ide.error"}}
{"session":"36e29ce79ce9","build":"182.4892.20","bucket":"-1","time":1541027694345,"group":{"id":"ui.dialogs","version":"2"},"event":{"count":1,"data":{"type":"show"},"id":"com.intellij.ide.util.TipDialog"}}
{"session":"36e29ce79ce9","build":"182.4892.20","bucket":"-1","time":1541027694435,"group":{"id":"ui.dialogs","version":"2"},"event":{"count":1,"data":{"code":1,"type":"close"},"id":"com.intellij.openapi.progress.util.ProgressDialog$MyDialogWrapper"}}
{"session":"36e29ce79ce9","build":"182.4892.20","bucket":"-1","time":1541027694868,"group":{"id":"lifecycle","version":"2"},"event":{"count":1,"data":{"time.ms":5358},"id":"project.opening.finished"}}
{"session":"36e29ce79ce9","build":"182.4892.20","bucket":"-1","time":1541027695713,"group":{"id":"ui.dialogs","version":"2"},"event":{"count":1,"data":{"code":1,"type":"close"},"id":"com.intellij.ide.util.TipDialog"}}
{"session":"36e29ce79ce9","build":"182.4892.20","bucket":"-1","time":1541027697114,"group":{"id":"ui.dialogs","version":"2"},"event":{"count":1,"data":{"type":"show"},"id":"com.intellij.diagnostic.IdeMessagePanel$3"}}
{"session":"36e29ce79ce9","build":"182.4892.20","bucket":"-1","time":1541027698940,"group":{"id":"system.os.name","version":"2"},"event":{"data":{},"id":"Mac.OS.X"}}
{"session":"36e29ce79ce9","build":"182.4892.20","bucket":"-1","time":1541027698941,"group":{"id":"system.os.version","version":"2"},"event":{"data":{},"id":"10.13.6"}}
{"session":"36e29ce79ce9","build":"182.4892.20","bucket":"-1","time":1541027698943,"group":{"id":"system.jvm.vendor","version":"2"},"event":{"data":{},"id":"JetBrains_s.r.o"}}
{"session":"36e29ce79ce9","build":"182.4892.20","bucket":"-1","time":1541027698944,"group":{"id":"system.jvm.version","version":"2"},"event":{"data":{},"id":"1.8"}}
{"session":"36e29ce79ce9","build":"182.4892.20","bucket":"-1","time":1541027704206,"group":{"id":"ui.dialogs","version":"2"},"event":{"count":1,"data":{"code":1,"type":"close"},"id":"com.intellij.diagnostic.IdeMessagePanel$3"}}
{"session":"36e29ce79ce9","build":"182.4892.20","bucket":"-1","time":1541027706163,"group":{"id":"lifecycle","version":"2"},"event":{"count":1,"data":{},"id":"project.closed"}}
{"session":"36e29ce79ce9","build":"182.4892.20","bucket":"-1","time":1541027708116,"group":{"id":"lifecycle","version":"2"},"event":{"count":1,"data":{"restart":false},"id":"app.closed"}}
{"session":"36e29ce79ce9","build":"182.4892.20","bucket":"-1","time":1541027708581,"group":{"id":"lifecycle","version":"2"},"event":{"count":1,"data":{},"id":"ideaapp.closed"}}
