{"session":"15140b5c1847","build":"182.4892.20","bucket":"-1","time":1541023654647,"group":{"id":"lifecycle","version":"2"},"event":{"count":1,"data":{},"id":"ideaapp.started"}}
{"session":"15140b5c1847","build":"182.4892.20","bucket":"-1","time":1541023654671,"group":{"id":"lifecycle","version":"2"},"event":{"count":1,"data":{},"id":"app.started"}}
{"session":"15140b5c1847","build":"182.4892.20","bucket":"-1","time":1541023657336,"group":{"id":"ui.dialogs","version":"2"},"event":{"count":1,"data":{"type":"show"},"id":"com.intellij.openapi.progress.util.ProgressDialog$MyDialogWrapper"}}
{"session":"15140b5c1847","build":"182.4892.20","bucket":"-1","time":1541023658036,"group":{"id":"ui.dialogs","version":"2"},"event":{"count":1,"data":{"code":1,"type":"close"},"id":"com.intellij.openapi.progress.util.ProgressDialog$MyDialogWrapper"}}
{"session":"15140b5c1847","build":"182.4892.20","bucket":"-1","time":1541023658058,"group":{"id":"lifecycle","version":"2"},"event":{"count":1,"data":{},"id":"project.opened"}}
{"session":"15140b5c1847","build":"182.4892.20","bucket":"-1","time":1541023658834,"group":{"id":"ui.dialogs","version":"2"},"event":{"count":1,"data":{"type":"show"},"id":"com.intellij.openapi.progress.util.ProgressDialog$MyDialogWrapper"}}
{"session":"15140b5c1847","build":"182.4892.20","bucket":"-1","time":1541023659020,"group":{"id":"toolwindow","version":"2"},"event":{"count":1,"data":{},"id":"Project_by_Activation"}}
{"session":"15140b5c1847","build":"182.4892.20","bucket":"-1","time":1541023659284,"group":{"id":"lifecycle","version":"2"},"event":{"count":1,"data":{"mappingFailed":false,"oom":false},"id":"ide.error"}}
{"session":"15140b5c1847","build":"182.4892.20","bucket":"-1","time":1541023659502,"group":{"id":"ui.dialogs","version":"2"},"event":{"count":1,"data":{"type":"show"},"id":"com.intellij.ide.util.TipDialog"}}
{"session":"15140b5c1847","build":"182.4892.20","bucket":"-1","time":1541023659745,"group":{"id":"ui.dialogs","version":"2"},"event":{"count":1,"data":{"code":1,"type":"close"},"id":"com.intellij.openapi.progress.util.ProgressDialog$MyDialogWrapper"}}
{"session":"15140b5c1847","build":"182.4892.20","bucket":"-1","time":1541023660077,"group":{"id":"lifecycle","version":"2"},"event":{"count":1,"data":{"time.ms":3076},"id":"project.opening.finished"}}
{"session":"15140b5c1847","build":"182.4892.20","bucket":"-1","time":1541023660830,"group":{"id":"system.os.name","version":"2"},"event":{"data":{},"id":"Mac.OS.X"}}
{"session":"15140b5c1847","build":"182.4892.20","bucket":"-1","time":1541023660831,"group":{"id":"system.os.version","version":"2"},"event":{"data":{},"id":"10.13.6"}}
{"session":"15140b5c1847","build":"182.4892.20","bucket":"-1","time":1541023660832,"group":{"id":"system.jvm.vendor","version":"2"},"event":{"data":{},"id":"JetBrains_s.r.o"}}
{"session":"15140b5c1847","build":"182.4892.20","bucket":"-1","time":1541023660832,"group":{"id":"system.jvm.version","version":"2"},"event":{"data":{},"id":"1.8"}}
{"session":"15140b5c1847","build":"182.4892.20","bucket":"-1","time":1541023664073,"group":{"id":"ui.dialogs","version":"2"},"event":{"count":1,"data":{"code":1,"type":"close"},"id":"com.intellij.ide.util.TipDialog"}}
{"session":"15140b5c1847","build":"182.4892.20","bucket":"-1","time":1541023671989,"group":{"id":"toolwindow","version":"2"},"event":{"count":1,"data":{},"id":"Event_Log_by_Activation"}}
{"session":"15140b5c1847","build":"182.4892.20","bucket":"-1","time":1541023673781,"group":{"id":"toolwindow","version":"2"},"event":{"count":1,"data":{},"id":"Test_Tool_Window_by_Activation"}}
{"session":"15140b5c1847","build":"182.4892.20","bucket":"-1","time":1541023683887,"group":{"id":"toolwindow","version":"2"},"event":{"count":1,"data":{},"id":"Project_by_Activation"}}
{"session":"15140b5c1847","build":"182.4892.20","bucket":"-1","time":1541023684805,"group":{"id":"lifecycle","version":"2"},"event":{"count":1,"data":{},"id":"project.closed"}}
{"session":"15140b5c1847","build":"182.4892.20","bucket":"-1","time":1541023686070,"group":{"id":"lifecycle","version":"2"},"event":{"count":1,"data":{"restart":false},"id":"app.closed"}}
{"session":"15140b5c1847","build":"182.4892.20","bucket":"-1","time":1541023686401,"group":{"id":"lifecycle","version":"2"},"event":{"count":1,"data":{},"id":"ideaapp.closed"}}
