{"session":"564705f61893","build":"182.4892.20","bucket":"-1","time":1541027395184,"group":{"id":"lifecycle","version":"2"},"event":{"count":1,"data":{},"id":"ideaapp.started"}}
{"session":"564705f61893","build":"182.4892.20","bucket":"-1","time":1541027395204,"group":{"id":"lifecycle","version":"2"},"event":{"count":1,"data":{},"id":"app.started"}}
{"session":"564705f61893","build":"182.4892.20","bucket":"-1","time":1541027396695,"group":{"id":"ui.dialogs","version":"2"},"event":{"count":1,"data":{"type":"show"},"id":"com.intellij.openapi.progress.util.ProgressDialog$MyDialogWrapper"}}
{"session":"564705f61893","build":"182.4892.20","bucket":"-1","time":1541027397520,"group":{"id":"ui.dialogs","version":"2"},"event":{"count":1,"data":{"code":1,"type":"close"},"id":"com.intellij.openapi.progress.util.ProgressDialog$MyDialogWrapper"}}
{"session":"564705f61893","build":"182.4892.20","bucket":"-1","time":1541027397541,"group":{"id":"lifecycle","version":"2"},"event":{"count":1,"data":{},"id":"project.opened"}}
{"session":"564705f61893","build":"182.4892.20","bucket":"-1","time":1541027398353,"group":{"id":"ui.dialogs","version":"2"},"event":{"count":1,"data":{"type":"show"},"id":"com.intellij.openapi.progress.util.ProgressDialog$MyDialogWrapper"}}
{"session":"564705f61893","build":"182.4892.20","bucket":"-1","time":1541027398538,"group":{"id":"toolwindow","version":"2"},"event":{"count":1,"data":{},"id":"Project_by_Activation"}}
{"session":"564705f61893","build":"182.4892.20","bucket":"-1","time":1541027398824,"group":{"id":"lifecycle","version":"2"},"event":{"count":1,"data":{"mappingFailed":false,"oom":false},"id":"ide.error"}}
{"session":"564705f61893","build":"182.4892.20","bucket":"-1","time":1541027399002,"group":{"id":"ui.dialogs","version":"2"},"event":{"count":1,"data":{"type":"show"},"id":"com.intellij.ide.util.TipDialog"}}
{"session":"564705f61893","build":"182.4892.20","bucket":"-1","time":1541027399236,"group":{"id":"ui.dialogs","version":"2"},"event":{"count":1,"data":{"code":1,"type":"close"},"id":"com.intellij.openapi.progress.util.ProgressDialog$MyDialogWrapper"}}
{"session":"564705f61893","build":"182.4892.20","bucket":"-1","time":1541027399491,"group":{"id":"lifecycle","version":"2"},"event":{"count":1,"data":{"time.ms":3188},"id":"project.opening.finished"}}
{"session":"564705f61893","build":"182.4892.20","bucket":"-1","time":1541027400213,"group":{"id":"system.os.name","version":"2"},"event":{"data":{},"id":"Mac.OS.X"}}
{"session":"564705f61893","build":"182.4892.20","bucket":"-1","time":1541027400214,"group":{"id":"system.os.version","version":"2"},"event":{"data":{},"id":"10.13.6"}}
{"session":"564705f61893","build":"182.4892.20","bucket":"-1","time":1541027400215,"group":{"id":"system.jvm.vendor","version":"2"},"event":{"data":{},"id":"JetBrains_s.r.o"}}
{"session":"564705f61893","build":"182.4892.20","bucket":"-1","time":1541027400215,"group":{"id":"system.jvm.version","version":"2"},"event":{"data":{},"id":"1.8"}}
{"session":"564705f61893","build":"182.4892.20","bucket":"-1","time":1541027400796,"group":{"id":"ui.dialogs","version":"2"},"event":{"count":1,"data":{"code":1,"type":"close"},"id":"com.intellij.ide.util.TipDialog"}}
{"session":"564705f61893","build":"182.4892.20","bucket":"-1","time":1541027402002,"group":{"id":"ui.dialogs","version":"2"},"event":{"count":1,"data":{"type":"show"},"id":"com.intellij.diagnostic.IdeMessagePanel$3"}}
{"session":"564705f61893","build":"182.4892.20","bucket":"-1","time":1541027411176,"group":{"id":"ui.dialogs","version":"2"},"event":{"count":1,"data":{"code":1,"type":"close"},"id":"com.intellij.diagnostic.IdeMessagePanel$3"}}
{"session":"564705f61893","build":"182.4892.20","bucket":"-1","time":1541027413378,"group":{"id":"lifecycle","version":"2"},"event":{"count":1,"data":{},"id":"project.closed"}}
{"session":"564705f61893","build":"182.4892.20","bucket":"-1","time":1541027415051,"group":{"id":"lifecycle","version":"2"},"event":{"count":1,"data":{"restart":false},"id":"app.closed"}}
{"session":"564705f61893","build":"182.4892.20","bucket":"-1","time":1541027415322,"group":{"id":"lifecycle","version":"2"},"event":{"count":1,"data":{},"id":"ideaapp.closed"}}
