{"session":"5081ecd5d4d4","build":"182.4892.20","bucket":"-1","time":1541022194619,"group":{"id":"lifecycle","version":"2"},"event":{"count":1,"data":{},"id":"ideaapp.started"}}
{"session":"5081ecd5d4d4","build":"182.4892.20","bucket":"-1","time":1541022194645,"group":{"id":"lifecycle","version":"2"},"event":{"count":1,"data":{},"id":"app.started"}}
{"session":"5081ecd5d4d4","build":"182.4892.20","bucket":"-1","time":1541022197441,"group":{"id":"ui.dialogs","version":"2"},"event":{"count":1,"data":{"type":"show"},"id":"com.intellij.openapi.progress.util.ProgressDialog$MyDialogWrapper"}}
{"session":"5081ecd5d4d4","build":"182.4892.20","bucket":"-1","time":1541022199241,"group":{"id":"ui.dialogs","version":"2"},"event":{"count":1,"data":{"code":1,"type":"close"},"id":"com.intellij.openapi.progress.util.ProgressDialog$MyDialogWrapper"}}
{"session":"5081ecd5d4d4","build":"182.4892.20","bucket":"-1","time":1541022199279,"group":{"id":"lifecycle","version":"2"},"event":{"count":1,"data":{},"id":"project.opened"}}
{"session":"5081ecd5d4d4","build":"182.4892.20","bucket":"-1","time":1541022200715,"group":{"id":"ui.dialogs","version":"2"},"event":{"count":1,"data":{"type":"show"},"id":"com.intellij.openapi.progress.util.ProgressDialog$MyDialogWrapper"}}
{"session":"5081ecd5d4d4","build":"182.4892.20","bucket":"-1","time":1541022201452,"group":{"id":"toolwindow","version":"2"},"event":{"count":1,"data":{},"id":"Test_Tool_Window_by_Activation"}}
{"session":"5081ecd5d4d4","build":"182.4892.20","bucket":"-1","time":1541022201656,"group":{"id":"lifecycle","version":"2"},"event":{"count":1,"data":{"mappingFailed":false,"oom":false},"id":"ide.error"}}
{"session":"5081ecd5d4d4","build":"182.4892.20","bucket":"-1","time":1541022201930,"group":{"id":"ui.dialogs","version":"2"},"event":{"count":1,"data":{"type":"show"},"id":"com.intellij.ide.util.TipDialog"}}
{"session":"5081ecd5d4d4","build":"182.4892.20","bucket":"-1","time":1541022202207,"group":{"id":"ui.dialogs","version":"2"},"event":{"count":1,"data":{"code":1,"type":"close"},"id":"com.intellij.openapi.progress.util.ProgressDialog$MyDialogWrapper"}}
{"session":"5081ecd5d4d4","build":"182.4892.20","bucket":"-1","time":1541022202601,"group":{"id":"lifecycle","version":"2"},"event":{"count":1,"data":{"time.ms":5527},"id":"project.opening.finished"}}
{"session":"5081ecd5d4d4","build":"182.4892.20","bucket":"-1","time":1541022204132,"group":{"id":"system.os.name","version":"2"},"event":{"data":{},"id":"Mac.OS.X"}}
{"session":"5081ecd5d4d4","build":"182.4892.20","bucket":"-1","time":1541022204133,"group":{"id":"system.os.version","version":"2"},"event":{"data":{},"id":"10.13.6"}}
{"session":"5081ecd5d4d4","build":"182.4892.20","bucket":"-1","time":1541022204135,"group":{"id":"system.jvm.vendor","version":"2"},"event":{"data":{},"id":"JetBrains_s.r.o"}}
{"session":"5081ecd5d4d4","build":"182.4892.20","bucket":"-1","time":1541022204135,"group":{"id":"system.jvm.version","version":"2"},"event":{"data":{},"id":"1.8"}}
{"session":"5081ecd5d4d4","build":"182.4892.20","bucket":"-1","time":1541022204428,"group":{"id":"ui.dialogs","version":"2"},"event":{"count":1,"data":{"code":1,"type":"close"},"id":"com.intellij.ide.util.TipDialog"}}
{"session":"5081ecd5d4d4","build":"182.4892.20","bucket":"-1","time":1541022205490,"group":{"id":"ui.dialogs","version":"2"},"event":{"count":1,"data":{"type":"show"},"id":"com.intellij.diagnostic.IdeMessagePanel$3"}}
{"session":"5081ecd5d4d4","build":"182.4892.20","bucket":"-1","time":1541022208143,"group":{"id":"ui.dialogs","version":"2"},"event":{"count":1,"data":{"code":1,"type":"close"},"id":"com.intellij.diagnostic.IdeMessagePanel$3"}}
{"session":"5081ecd5d4d4","build":"182.4892.20","bucket":"-1","time":1541022210666,"group":{"id":"toolwindow","version":"2"},"event":{"count":2,"data":{},"id":"TODO_by_Activation"}}
{"session":"5081ecd5d4d4","build":"182.4892.20","bucket":"-1","time":1541022214847,"group":{"id":"toolwindow","version":"2"},"event":{"count":1,"data":{},"id":"Favorites_by_Activation"}}
{"session":"5081ecd5d4d4","build":"182.4892.20","bucket":"-1","time":1541022216812,"group":{"id":"toolwindow","version":"2"},"event":{"count":1,"data":{},"id":"TODO_by_Activation"}}
{"session":"5081ecd5d4d4","build":"182.4892.20","bucket":"-1","time":1541022224364,"group":{"id":"toolwindow","version":"2"},"event":{"count":1,"data":{},"id":"Test_Tool_Window_by_Activation"}}
{"session":"5081ecd5d4d4","build":"182.4892.20","bucket":"-1","time":1541022321858,"group":{"id":"toolwindow","version":"2"},"event":{"count":1,"data":{},"id":"Test_Tool_Window_by_Activation"}}
{"session":"5081ecd5d4d4","build":"182.4892.20","bucket":"-1","time":1541022352967,"group":{"id":"toolwindow","version":"2"},"event":{"count":1,"data":{},"id":"Test_Tool_Window_by_Activation"}}
{"session":"5081ecd5d4d4","build":"182.4892.20","bucket":"-1","time":1541022357026,"group":{"id":"trigger","version":"2"},"event":{"count":1,"data":{},"id":"StripeButton[Test_Tool_Window].hidden"}}
{"session":"5081ecd5d4d4","build":"182.4892.20","bucket":"-1","time":1541022358965,"group":{"id":"toolwindow","version":"2"},"event":{"count":1,"data":{},"id":"TODO_by_Activation"}}
{"session":"5081ecd5d4d4","build":"182.4892.20","bucket":"-1","time":1541022369932,"group":{"id":"toolwindow","version":"2"},"event":{"count":1,"data":{},"id":"Favorites_by_Activation"}}
{"session":"5081ecd5d4d4","build":"182.4892.20","bucket":"-1","time":1541022371734,"group":{"id":"toolwindow","version":"2"},"event":{"count":3,"data":{},"id":"TODO_by_Activation"}}
{"session":"5081ecd5d4d4","build":"182.4892.20","bucket":"-1","time":1541022382138,"group":{"id":"toolwindow","version":"2"},"event":{"count":1,"data":{},"id":"Project_by_Activation"}}
{"session":"5081ecd5d4d4","build":"182.4892.20","bucket":"-1","time":1541022383707,"group":{"id":"lifecycle","version":"2"},"event":{"count":1,"data":{},"id":"project.closed"}}
{"session":"5081ecd5d4d4","build":"182.4892.20","bucket":"-1","time":1541022385231,"group":{"id":"lifecycle","version":"2"},"event":{"count":1,"data":{"restart":false},"id":"app.closed"}}
{"session":"5081ecd5d4d4","build":"182.4892.20","bucket":"-1","time":1541022385532,"group":{"id":"lifecycle","version":"2"},"event":{"count":1,"data":{},"id":"ideaapp.closed"}}
