{"session":"2b42dd52553b","build":"182.4892.20","bucket":"-1","time":1541022155843,"group":{"id":"lifecycle","version":"2"},"event":{"count":1,"data":{},"id":"ideaapp.started"}}
{"session":"2b42dd52553b","build":"182.4892.20","bucket":"-1","time":1541022155867,"group":{"id":"lifecycle","version":"2"},"event":{"count":1,"data":{},"id":"app.started"}}
{"session":"2b42dd52553b","build":"182.4892.20","bucket":"-1","time":1541022157860,"group":{"id":"ui.dialogs","version":"2"},"event":{"count":1,"data":{"type":"show"},"id":"com.intellij.openapi.progress.util.ProgressDialog$MyDialogWrapper"}}
{"session":"2b42dd52553b","build":"182.4892.20","bucket":"-1","time":1541022158838,"group":{"id":"ui.dialogs","version":"2"},"event":{"count":1,"data":{"code":1,"type":"close"},"id":"com.intellij.openapi.progress.util.ProgressDialog$MyDialogWrapper"}}
{"session":"2b42dd52553b","build":"182.4892.20","bucket":"-1","time":1541022158863,"group":{"id":"lifecycle","version":"2"},"event":{"count":1,"data":{},"id":"project.opened"}}
{"session":"2b42dd52553b","build":"182.4892.20","bucket":"-1","time":1541022159778,"group":{"id":"ui.dialogs","version":"2"},"event":{"count":1,"data":{"type":"show"},"id":"com.intellij.openapi.progress.util.ProgressDialog$MyDialogWrapper"}}
{"session":"2b42dd52553b","build":"182.4892.20","bucket":"-1","time":1541022160312,"group":{"id":"toolwindow","version":"2"},"event":{"count":1,"data":{},"id":"Test_Tool_Window_by_Activation"}}
{"session":"2b42dd52553b","build":"182.4892.20","bucket":"-1","time":1541022160440,"group":{"id":"lifecycle","version":"2"},"event":{"count":1,"data":{"mappingFailed":false,"oom":false},"id":"ide.error"}}
{"session":"2b42dd52553b","build":"182.4892.20","bucket":"-1","time":1541022160621,"group":{"id":"ui.dialogs","version":"2"},"event":{"count":1,"data":{"type":"show"},"id":"com.intellij.ide.util.TipDialog"}}
{"session":"2b42dd52553b","build":"182.4892.20","bucket":"-1","time":1541022160892,"group":{"id":"ui.dialogs","version":"2"},"event":{"count":1,"data":{"code":1,"type":"close"},"id":"com.intellij.openapi.progress.util.ProgressDialog$MyDialogWrapper"}}
{"session":"2b42dd52553b","build":"182.4892.20","bucket":"-1","time":1541022161088,"group":{"id":"lifecycle","version":"2"},"event":{"count":1,"data":{"time.ms":3701},"id":"project.opening.finished"}}
{"session":"2b42dd52553b","build":"182.4892.20","bucket":"-1","time":1541022162180,"group":{"id":"system.os.name","version":"2"},"event":{"data":{},"id":"Mac.OS.X"}}
{"session":"2b42dd52553b","build":"182.4892.20","bucket":"-1","time":1541022162181,"group":{"id":"system.os.version","version":"2"},"event":{"data":{},"id":"10.13.6"}}
{"session":"2b42dd52553b","build":"182.4892.20","bucket":"-1","time":1541022162182,"group":{"id":"system.jvm.vendor","version":"2"},"event":{"data":{},"id":"JetBrains_s.r.o"}}
{"session":"2b42dd52553b","build":"182.4892.20","bucket":"-1","time":1541022162183,"group":{"id":"system.jvm.version","version":"2"},"event":{"data":{},"id":"1.8"}}
{"session":"2b42dd52553b","build":"182.4892.20","bucket":"-1","time":1541022163556,"group":{"id":"ui.dialogs","version":"2"},"event":{"count":1,"data":{"code":1,"type":"close"},"id":"com.intellij.ide.util.TipDialog"}}
{"session":"2b42dd52553b","build":"182.4892.20","bucket":"-1","time":1541022168870,"group":{"id":"toolwindow","version":"2"},"event":{"count":1,"data":{},"id":"Test_Tool_Window_by_Activation"}}
{"session":"2b42dd52553b","build":"182.4892.20","bucket":"-1","time":1541022175358,"group":{"id":"lifecycle","version":"2"},"event":{"count":1,"data":{},"id":"project.closed"}}
{"session":"2b42dd52553b","build":"182.4892.20","bucket":"-1","time":1541022177313,"group":{"id":"lifecycle","version":"2"},"event":{"count":1,"data":{"restart":false},"id":"app.closed"}}
{"session":"2b42dd52553b","build":"182.4892.20","bucket":"-1","time":1541022177613,"group":{"id":"lifecycle","version":"2"},"event":{"count":1,"data":{},"id":"ideaapp.closed"}}
