{"session":"93dd4cc61e4f","build":"182.4892.20","bucket":"-1","time":1540960137143,"group":{"id":"ui.dialogs","version":"2"},"event":{"count":1,"data":{"type":"show"},"id":"com.intellij.openapi.progress.util.ProgressDialog$MyDialogWrapper"}}
{"session":"93dd4cc61e4f","build":"182.4892.20","bucket":"-1","time":1540960138347,"group":{"id":"ui.dialogs","version":"2"},"event":{"count":1,"data":{"code":1,"type":"close"},"id":"com.intellij.openapi.progress.util.ProgressDialog$MyDialogWrapper"}}
{"session":"93dd4cc61e4f","build":"182.4892.20","bucket":"-1","time":1540960138368,"group":{"id":"lifecycle","version":"2"},"event":{"count":1,"data":{},"id":"project.opened"}}
{"session":"93dd4cc61e4f","build":"182.4892.20","bucket":"-1","time":1540960138905,"group":{"id":"ui.dialogs","version":"2"},"event":{"count":1,"data":{"type":"show"},"id":"com.intellij.openapi.progress.util.ProgressDialog$MyDialogWrapper"}}
{"session":"93dd4cc61e4f","build":"182.4892.20","bucket":"-1","time":1540960139043,"group":{"id":"toolwindow","version":"2"},"event":{"count":1,"data":{},"id":"Project_by_Activation"}}
{"session":"93dd4cc61e4f","build":"182.4892.20","bucket":"-1","time":1540960139297,"group":{"id":"lifecycle","version":"2"},"event":{"count":1,"data":{},"id":"ideaapp.started"}}
{"session":"93dd4cc61e4f","build":"182.4892.20","bucket":"-1","time":1540960139400,"group":{"id":"lifecycle","version":"2"},"event":{"count":1,"data":{},"id":"app.started"}}
{"session":"93dd4cc61e4f","build":"182.4892.20","bucket":"-1","time":1540960139739,"group":{"id":"ui.dialogs","version":"2"},"event":{"count":1,"data":{"type":"show"},"id":"com.intellij.ide.util.TipDialog"}}
{"session":"93dd4cc61e4f","build":"182.4892.20","bucket":"-1","time":1540960140322,"group":{"id":"ui.dialogs","version":"2"},"event":{"count":1,"data":{"code":1,"type":"close"},"id":"com.intellij.openapi.progress.util.ProgressDialog$MyDialogWrapper"}}
{"session":"93dd4cc61e4f","build":"182.4892.20","bucket":"-1","time":1540960140474,"group":{"id":"lifecycle","version":"2"},"event":{"count":1,"data":{"time.ms":3700},"id":"project.opening.finished"}}
{"session":"93dd4cc61e4f","build":"182.4892.20","bucket":"-1","time":1540960140907,"group":{"id":"system.os.name","version":"2"},"event":{"data":{},"id":"Mac.OS.X"}}
{"session":"93dd4cc61e4f","build":"182.4892.20","bucket":"-1","time":1540960140909,"group":{"id":"system.os.version","version":"2"},"event":{"data":{},"id":"10.13.6"}}
{"session":"93dd4cc61e4f","build":"182.4892.20","bucket":"-1","time":1540960140909,"group":{"id":"system.jvm.vendor","version":"2"},"event":{"data":{},"id":"JetBrains_s.r.o"}}
{"session":"93dd4cc61e4f","build":"182.4892.20","bucket":"-1","time":1540960140909,"group":{"id":"system.jvm.version","version":"2"},"event":{"data":{},"id":"1.8"}}
{"session":"93dd4cc61e4f","build":"182.4892.20","bucket":"-1","time":1540960141448,"group":{"id":"ui.dialogs","version":"2"},"event":{"count":1,"data":{"code":1,"type":"close"},"id":"com.intellij.ide.util.TipDialog"}}
{"session":"93dd4cc61e4f","build":"182.4892.20","bucket":"-1","time":1540960148532,"group":{"id":"toolwindow","version":"2"},"event":{"count":1,"data":{},"id":"Sample_Calendar_by_Activation"}}
{"session":"93dd4cc61e4f","build":"182.4892.20","bucket":"-1","time":1540960148637,"group":{"id":"lifecycle","version":"2"},"event":{"count":1,"data":{"mappingFailed":false,"oom":false},"id":"ide.error"}}
{"session":"93dd4cc61e4f","build":"182.4892.20","bucket":"-1","time":1540960151958,"group":{"id":"ui.dialogs","version":"2"},"event":{"count":1,"data":{"type":"show"},"id":"com.intellij.diagnostic.IdeMessagePanel$3"}}
{"session":"93dd4cc61e4f","build":"182.4892.20","bucket":"-1","time":1540960177399,"group":{"id":"ui.dialogs","version":"2"},"event":{"count":1,"data":{"code":1,"type":"close"},"id":"com.intellij.diagnostic.IdeMessagePanel$3"}}
{"session":"93dd4cc61e4f","build":"182.4892.20","bucket":"-1","time":1540960177419,"group":{"id":"toolwindow","version":"2"},"event":{"count":1,"data":{},"id":"Project_by_Activation"}}
{"session":"93dd4cc61e4f","build":"182.4892.20","bucket":"-1","time":1540960365229,"group":{"id":"lifecycle","version":"2"},"event":{"count":1,"data":{},"id":"project.closed"}}
{"session":"93dd4cc61e4f","build":"182.4892.20","bucket":"-1","time":1540960366727,"group":{"id":"lifecycle","version":"2"},"event":{"count":1,"data":{"restart":false},"id":"app.closed"}}
{"session":"93dd4cc61e4f","build":"182.4892.20","bucket":"-1","time":1540960366995,"group":{"id":"lifecycle","version":"2"},"event":{"count":1,"data":{},"id":"ideaapp.closed"}}
