{"session":"d7af3a4031f6","build":"182.4892.20","bucket":"-1","time":1541022396102,"group":{"id":"lifecycle","version":"2"},"event":{"count":1,"data":{},"id":"ideaapp.started"}}
{"session":"d7af3a4031f6","build":"182.4892.20","bucket":"-1","time":1541022396118,"group":{"id":"lifecycle","version":"2"},"event":{"count":1,"data":{},"id":"app.started"}}
{"session":"d7af3a4031f6","build":"182.4892.20","bucket":"-1","time":1541022397729,"group":{"id":"ui.dialogs","version":"2"},"event":{"count":1,"data":{"type":"show"},"id":"com.intellij.openapi.progress.util.ProgressDialog$MyDialogWrapper"}}
{"session":"d7af3a4031f6","build":"182.4892.20","bucket":"-1","time":1541022398487,"group":{"id":"ui.dialogs","version":"2"},"event":{"count":1,"data":{"code":1,"type":"close"},"id":"com.intellij.openapi.progress.util.ProgressDialog$MyDialogWrapper"}}
{"session":"d7af3a4031f6","build":"182.4892.20","bucket":"-1","time":1541022398506,"group":{"id":"lifecycle","version":"2"},"event":{"count":1,"data":{},"id":"project.opened"}}
{"session":"d7af3a4031f6","build":"182.4892.20","bucket":"-1","time":1541022399235,"group":{"id":"ui.dialogs","version":"2"},"event":{"count":1,"data":{"type":"show"},"id":"com.intellij.openapi.progress.util.ProgressDialog$MyDialogWrapper"}}
{"session":"d7af3a4031f6","build":"182.4892.20","bucket":"-1","time":1541022399387,"group":{"id":"toolwindow","version":"2"},"event":{"count":1,"data":{},"id":"Project_by_Activation"}}
{"session":"d7af3a4031f6","build":"182.4892.20","bucket":"-1","time":1541022399715,"group":{"id":"ui.dialogs","version":"2"},"event":{"count":1,"data":{"type":"show"},"id":"com.intellij.ide.util.TipDialog"}}
{"session":"d7af3a4031f6","build":"182.4892.20","bucket":"-1","time":1541022399859,"group":{"id":"ui.dialogs","version":"2"},"event":{"count":1,"data":{"code":1,"type":"close"},"id":"com.intellij.openapi.progress.util.ProgressDialog$MyDialogWrapper"}}
{"session":"d7af3a4031f6","build":"182.4892.20","bucket":"-1","time":1541022400104,"group":{"id":"lifecycle","version":"2"},"event":{"count":1,"data":{"time.ms":2771},"id":"project.opening.finished"}}
{"session":"d7af3a4031f6","build":"182.4892.20","bucket":"-1","time":1541022400807,"group":{"id":"system.os.name","version":"2"},"event":{"data":{},"id":"Mac.OS.X"}}
{"session":"d7af3a4031f6","build":"182.4892.20","bucket":"-1","time":1541022400808,"group":{"id":"system.os.version","version":"2"},"event":{"data":{},"id":"10.13.6"}}
{"session":"d7af3a4031f6","build":"182.4892.20","bucket":"-1","time":1541022400808,"group":{"id":"system.jvm.vendor","version":"2"},"event":{"data":{},"id":"JetBrains_s.r.o"}}
{"session":"d7af3a4031f6","build":"182.4892.20","bucket":"-1","time":1541022400808,"group":{"id":"system.jvm.version","version":"2"},"event":{"data":{},"id":"1.8"}}
{"session":"d7af3a4031f6","build":"182.4892.20","bucket":"-1","time":1541022401326,"group":{"id":"ui.dialogs","version":"2"},"event":{"count":1,"data":{"code":1,"type":"close"},"id":"com.intellij.ide.util.TipDialog"}}
{"session":"d7af3a4031f6","build":"182.4892.20","bucket":"-1","time":1541022419004,"group":{"id":"actions","version":"2"},"event":{"count":1,"data":{},"id":"RestoreDefaultLayout"}}
{"session":"d7af3a4031f6","build":"182.4892.20","bucket":"-1","time":1541022421090,"group":{"id":"toolwindow","version":"2"},"event":{"count":1,"data":{},"id":"Project_by_Activation"}}
{"session":"d7af3a4031f6","build":"182.4892.20","bucket":"-1","time":1541022458540,"group":{"id":"actions","version":"2"},"event":{"count":1,"data":{},"id":"ActivateTestToolWindowToolWindow"}}
{"session":"d7af3a4031f6","build":"182.4892.20","bucket":"-1","time":1541022458541,"group":{"id":"toolwindow","version":"2"},"event":{"count":1,"data":{},"id":"Test_Tool_Window_by_Activation"}}
{"session":"d7af3a4031f6","build":"182.4892.20","bucket":"-1","time":1541022458664,"group":{"id":"lifecycle","version":"2"},"event":{"count":1,"data":{"mappingFailed":false,"oom":false},"id":"ide.error"}}
{"session":"d7af3a4031f6","build":"182.4892.20","bucket":"-1","time":1541022464715,"group":{"id":"ui.dialogs","version":"2"},"event":{"count":1,"data":{"type":"show"},"id":"com.intellij.diagnostic.IdeMessagePanel$3"}}
{"session":"d7af3a4031f6","build":"182.4892.20","bucket":"-1","time":1541022485877,"group":{"id":"ui.dialogs","version":"2"},"event":{"count":1,"data":{"code":1,"type":"close"},"id":"com.intellij.diagnostic.IdeMessagePanel$3"}}
{"session":"d7af3a4031f6","build":"182.4892.20","bucket":"-1","time":1541022485893,"group":{"id":"toolwindow","version":"2"},"event":{"count":1,"data":{},"id":"Project_by_Activation"}}
{"session":"d7af3a4031f6","build":"182.4892.20","bucket":"-1","time":1541022488057,"group":{"id":"lifecycle","version":"2"},"event":{"count":1,"data":{},"id":"project.closed"}}
{"session":"d7af3a4031f6","build":"182.4892.20","bucket":"-1","time":1541022489840,"group":{"id":"lifecycle","version":"2"},"event":{"count":1,"data":{"restart":false},"id":"app.closed"}}
{"session":"d7af3a4031f6","build":"182.4892.20","bucket":"-1","time":1541022490129,"group":{"id":"lifecycle","version":"2"},"event":{"count":1,"data":{},"id":"ideaapp.closed"}}
