2018-10-24 17:28:11,024 [      0]   INFO -        #com.intellij.idea.Main - ------------------------------------------------------ IDE STARTED ------------------------------------------------------ 
2018-10-24 17:28:11,062 [     38]   INFO -        #com.intellij.idea.Main - IDE: IntelliJ IDEA (build #IC-182.4892.20, 16 Oct 2018 05:11) 
2018-10-24 17:28:11,062 [     38]   INFO -        #com.intellij.idea.Main - OS: Mac OS X (10.13.6, x86_64) 
2018-10-24 17:28:11,062 [     38]   INFO -        #com.intellij.idea.Main - JRE: 1.8.0_152-release-1248-b19 (JetBrains s.r.o) 
2018-10-24 17:28:11,062 [     38]   INFO -        #com.intellij.idea.Main - JVM: 25.152-b19 (OpenJDK 64-Bit Server VM) 
2018-10-24 17:28:11,070 [     46]   INFO -        #com.intellij.idea.Main - JVM Args: -Dapple.awt.fileDialogForDirectories=true -Dapple.laf.useScreenMenuBar=true -Didea.classpath.index.enabled=false -Didea.config.path=/Users/antonnagy/Desktop/School/SeniorYear/Fall/Comps/comps-project/PluginUI/RuntimeSearch_Plugin/build/idea-sandbox/config -Didea.is.internal=true -Didea.platform.prefix=Idea -Didea.plugins.path=/Users/antonnagy/Desktop/School/SeniorYear/Fall/Comps/comps-project/PluginUI/RuntimeSearch_Plugin/build/idea-sandbox/plugins -Didea.required.plugins.id=com.ASEcomps.RuntimeSearch_Plugin -Didea.smooth.progress=false -Didea.system.path=/Users/antonnagy/Desktop/School/SeniorYear/Fall/Comps/comps-project/PluginUI/RuntimeSearch_Plugin/build/idea-sandbox/system -XX:MaxPermSize=250m -Xms256m -Xmx512m -Dfile.encoding=UTF-8 -Duser.country=US -Duser.language=en -Duser.variant -ea 
2018-10-24 17:28:11,071 [     47]   INFO -        #com.intellij.idea.Main - ext: /Users/antonnagy/.gradle/caches/modules-2/files-2.1/com.jetbrains/jbre/jbrex8u152b1248.19_osx_x64/jdk/Contents/Home/jre/lib/ext: [sunec.jar, nashorn.jar, cldrdata.jar, jfxrt.jar, dnsns.jar, localedata.jar, sunjce_provider.jar, meta-index, sunpkcs11.jar, jaccess.jar, zipfs.jar] 
2018-10-24 17:28:11,071 [     47]   INFO -        #com.intellij.idea.Main - ext: /System/Library/Java/Extensions: [MRJToolkit.jar] 
2018-10-24 17:28:11,071 [     47]   INFO -        #com.intellij.idea.Main - charsets: JNU=UTF-8 file=UTF-8 
2018-10-24 17:28:11,087 [     63]   INFO -        #com.intellij.idea.Main - JNA library (64-bit) loaded in 16 ms 
2018-10-24 17:28:11,120 [     96]   INFO -        #com.intellij.idea.Main - initializing environment 
2018-10-24 17:28:11,121 [     97]   INFO - .intellij.util.EnvironmentUtil - loading shell env: /bin/bash -l -i -c '/Users/antonnagy/.gradle/caches/modules-2/files-2.1/com.jetbrains.intellij.idea/ideaIC/2018.2.5/4eea4d6a5b7eb00d32cb399a9214c1b963226f9a/ideaIC-2018.2.5/bin/printenv.py' '/private/var/folders/n_/yj00z7m561136s_x8ym6dpyc0000gn/T/intellij-shell-env.tmp' 
2018-10-24 17:28:11,234 [    210]   INFO - .intellij.util.EnvironmentUtil - shell environment loaded (14 vars) 
2018-10-24 17:28:12,083 [   1059]   INFO -     #com.intellij.util.ui.JBUI - User scale factor: 1.0 
2018-10-24 17:28:12,097 [   1073]   INFO -     #com.intellij.util.ui.JBUI - System scale factor: 2.0 (JRE-managed HiDPI) 
2018-10-24 17:28:13,994 [   2970]   INFO - .intellij.idea.IdeaApplication - CPU cores: 8; ForkJoinPool.commonPool: java.util.concurrent.ForkJoinPool@c9f4783[Running, parallelism = 7, size = 0, active = 0, running = 0, steals = 0, tasks = 0, submissions = 0]; factory: com.intellij.concurrency.IdeaForkJoinWorkerThreadFactory@35693047 
2018-10-24 17:28:14,633 [   3609]   INFO - llij.ide.plugins.PluginManager - Cannot find optional descriptor duplicates-groovy.xml 
2018-10-24 17:28:14,937 [   3913]   INFO - llij.ide.plugins.PluginManager - 35 plugins initialized in 599 ms 
2018-10-24 17:28:14,940 [   3916]   INFO - llij.ide.plugins.PluginManager - Loaded bundled plugins: Android Support (10.3.1.2), Ant Support (1.0), Bytecode Viewer (0.1), CVS Integration (11), Copyright (8.1), Coverage (182.4892.20), Eclipse Integration (3.0), EditorConfig (182.4892.20), Git Integration (8.1), GitHub (182.4892.20), Gradle (182.4892.20), Groovy (9.0), I18n for Java (182.4892.20), IDEA CORE (182.4892.20), IntelliLang (8.0), JUnit (1.0), Java Bytecode Decompiler (182.4892.20), Java Stream Debugger (182.4892.20), JavaFX (1.0), Kotlin (1.2.51-release-IJ2018.2-1), Maven Integration (182.4892.20), Mercurial Integration (10.0), Plugin DevKit (1.0), Properties Support (182.4892.20), Settings Repository (182.4892.20), Smali Support (1.0), Subversion Integration (1.1), Task Management (1.0), Terminal (0.1), TestNG-J (8.0), UI Designer (182.4892.20), XPathView + XSLT Support (4), XSLT-Debugger (1.4), YAML (182.4892.20) 
2018-10-24 17:28:14,940 [   3916]   INFO - llij.ide.plugins.PluginManager - Loaded custom plugins: Plugin display name here (1.0-SNAPSHOT) 
2018-10-24 17:28:15,601 [   4577]   INFO - ellij.vfs.persistent.FSRecords - Marking VFS as corrupted: '/Users/antonnagy/Desktop/School/SeniorYear/Fall/Comps/comps-project/PluginUI/RuntimeSearch_Plugin/build/idea-sandbox/system/caches/names.dat' does not exist 
2018-10-24 17:28:15,603 [   4579]   INFO - ellij.util.io.PagedFileStorage - lower=100; upper=435; buffer=10; max=435 
2018-10-24 17:28:15,636 [   4612]   INFO - pl.local.NativeFileWatcherImpl - Starting file watcher: /Users/antonnagy/.gradle/caches/modules-2/files-2.1/com.jetbrains.intellij.idea/ideaIC/2018.2.5/4eea4d6a5b7eb00d32cb399a9214c1b963226f9a/ideaIC-2018.2.5/bin/mac/fsnotifier 
2018-10-24 17:28:15,647 [   4623]   INFO - pl.local.NativeFileWatcherImpl - Native file watcher is operational. 
2018-10-24 17:28:15,832 [   4808]   INFO - tellij.openapi.util.IconLoader - replace '/nodes/newFolder.png' with 'AllIcons.Nodes.Folder' 
2018-10-24 17:28:16,161 [   5137]   INFO - .history.utils.LocalHistoryLog - local history version mismatch (was: 0, expected: 6), rebuilding... 
2018-10-24 17:28:16,161 [   5137]   INFO - .history.utils.LocalHistoryLog - FS has been rebuild, rebuilding local history... 
2018-10-24 17:28:16,426 [   5402]   INFO - j.ide.ui.OptionsTopHitProvider - 130 ms spent to cache options in application 
2018-10-24 17:28:16,426 [   5402]   INFO - .openapi.application.Preloader - com.intellij.ide.ui.OptionsTopHitProvider$Activity took 129 ms 
2018-10-24 17:28:16,447 [   5423]   INFO - til.net.ssl.CertificateManager - Default SSL context initialized 
2018-10-24 17:28:16,462 [   5438]   INFO - rains.ide.BuiltInServerManager - built-in server started, port 63343 
2018-10-24 17:28:16,535 [   5511]   INFO - m.intellij.ui.mac.touchbar.NST - touchbar-server isn't running, skip nst loading 
2018-10-24 17:28:16,556 [   5532]   INFO - gs.impl.UpdateCheckerComponent - channel: release 
2018-10-24 17:28:16,728 [   5704]   INFO - il.indexing.FileBasedIndexImpl - Index exts enumerated:131, number of extensions:47 
2018-10-24 17:28:16,870 [   5846]   INFO - il.indexing.FileBasedIndexImpl - Index scheduled:142 
2018-10-24 17:28:16,919 [   5895]   INFO - tellij.psi.stubs.StubIndexImpl - All stub exts enumerated:46, number of extensions:49 
2018-10-24 17:28:16,920 [   5896]   INFO - tellij.psi.stubs.StubIndexImpl - stub exts update scheduled:0 
2018-10-24 17:28:17,500 [   6476]   INFO - ij.psi.stubs.StubUpdatingIndex - Following new file types will be indexed:kotlin_builtins,Kotlin,HTML,CLASS,KJSM,Groovy,Properties,JAVA,XML 
2018-10-24 17:28:17,730 [   6706]   INFO - plication.impl.ApplicationImpl - 89 application components initialized in 3395ms 
2018-10-24 17:28:17,764 [   6740]   INFO - .intellij.idea.IdeaApplication - App initialization took 7743 ms 
2018-10-24 17:28:17,765 [   6741]   INFO - llij.ide.plugins.PluginManager - org.jetbrains.kotlin loaded 1097 classes 
2018-10-24 17:28:17,765 [   6741]   INFO - llij.ide.plugins.PluginManager - org.intellij.groovy loaded 367 classes 
2018-10-24 17:28:17,765 [   6741]   INFO - llij.ide.plugins.PluginManager - org.jetbrains.android loaded 283 classes 
2018-10-24 17:28:17,765 [   6741]   INFO - llij.ide.plugins.PluginManager - org.jetbrains.idea.maven loaded 66 classes 
2018-10-24 17:28:17,765 [   6741]   INFO - llij.ide.plugins.PluginManager - CVS loaded 40 classes 
2018-10-24 17:28:17,765 [   6741]   INFO - llij.ide.plugins.PluginManager - org.jetbrains.settingsRepository loaded 31 classes 
2018-10-24 17:28:17,765 [   6741]   INFO - llij.ide.plugins.PluginManager - com.intellij.properties loaded 28 classes 
2018-10-24 17:28:17,765 [   6741]   INFO - llij.ide.plugins.PluginManager - XPathView loaded 24 classes 
2018-10-24 17:28:17,765 [   6741]   INFO - llij.ide.plugins.PluginManager - com.intellij.tasks loaded 21 classes 
2018-10-24 17:28:17,765 [   6741]   INFO - llij.ide.plugins.PluginManager - Git4Idea loaded 19 classes 
2018-10-24 17:28:17,766 [   6742]   INFO - llij.ide.plugins.PluginManager - AntSupport loaded 16 classes 
2018-10-24 17:28:17,766 [   6742]   INFO - llij.ide.plugins.PluginManager - org.jetbrains.plugins.yaml loaded 15 classes 
2018-10-24 17:28:17,766 [   6742]   INFO - llij.ide.plugins.PluginManager - org.jetbrains.plugins.javaFX loaded 14 classes 
2018-10-24 17:28:17,766 [   6742]   INFO - llij.ide.plugins.PluginManager - hg4idea loaded 13 classes 
2018-10-24 17:28:17,766 [   6742]   INFO - llij.ide.plugins.PluginManager - Subversion loaded 13 classes 
2018-10-24 17:28:17,766 [   6742]   INFO - llij.ide.plugins.PluginManager - com.intellij.uiDesigner loaded 10 classes 
2018-10-24 17:28:17,766 [   6742]   INFO - llij.ide.plugins.PluginManager - DevKit loaded 9 classes 
2018-10-24 17:28:17,766 [   6742]   INFO - llij.ide.plugins.PluginManager - org.jetbrains.plugins.gradle loaded 8 classes 
2018-10-24 17:28:17,766 [   6742]   INFO - llij.ide.plugins.PluginManager - org.jetbrains.java.decompiler loaded 5 classes 
2018-10-24 17:28:17,766 [   6742]   INFO - llij.ide.plugins.PluginManager - com.android.tools.idea.smali loaded 5 classes 
2018-10-24 17:28:17,766 [   6742]   INFO - llij.ide.plugins.PluginManager - org.intellij.intelliLang loaded 4 classes 
2018-10-24 17:28:17,766 [   6742]   INFO - llij.ide.plugins.PluginManager - org.jetbrains.idea.eclipse loaded 2 classes 
2018-10-24 17:28:17,766 [   6742]   INFO - llij.ide.plugins.PluginManager - org.jetbrains.plugins.github loaded 2 classes 
2018-10-24 17:28:17,766 [   6742]   INFO - llij.ide.plugins.PluginManager - com.intellij.copyright loaded 1 classes 
2018-10-24 17:28:17,766 [   6742]   INFO - llij.ide.plugins.PluginManager - com.intellij.java-i18n loaded 1 classes 
2018-10-24 17:28:17,766 [   6742]   INFO - llij.ide.plugins.PluginManager - Coverage loaded 1 classes 
2018-10-24 17:28:17,766 [   6742]   INFO - llij.ide.plugins.PluginManager - com.ASEcomps.RuntimeSearch_Plugin loaded 1 classes 
2018-10-24 17:28:17,814 [   6790]   INFO - pl$FileIndexDataInitialization - Initialization done:944 
2018-10-24 17:28:17,926 [   6902]   INFO - exImpl$StubIndexInitialization - Initialization done:111 
2018-10-24 17:28:18,411 [   7387]   INFO - pi.util.registry.RegistryValue - Registry value 'java.completion.argument.hints' has changed to 'false" 
2018-10-24 17:28:18,411 [   7387]   INFO - pi.util.registry.RegistryValue - Registry value 'java.completion.argument.hints.internal' has changed to 'false" 
2018-10-24 17:28:18,432 [   7408]   INFO - com.intellij.ide.ui.UISettings - Loaded: fontSize=12, fontScale=1.0; restored: fontSize=12, fontScale=1.0 
2018-10-24 17:28:18,783 [   7759]   INFO - j.ide.ui.OptionsTopHitProvider - 701 ms spent on EDT to cache options in application 
2018-10-24 17:28:18,999 [   7975]   INFO - ellij.project.impl.ProjectImpl - 20 project components initialized in 164 ms 
2018-10-24 17:28:19,042 [   8018]   INFO - .openapi.application.Preloader - com.intellij.openapi.actionSystem.impl.ActionPreloader took 2614 ms 
2018-10-24 17:28:19,046 [   8022]   INFO - dea.updater.SdkComponentSource - File /Users/antonnagy/.android/repositories.cfg could not be loaded. 
2018-10-24 17:28:19,047 [   8023]   INFO - dea.updater.SdkComponentSource - Downloading https://dl.google.com/android/repository/repository2-1.xml 
2018-10-24 17:28:19,835 [   8811]   INFO - dea.updater.SdkComponentSource - Downloading https://dl.google.com/android/repository/addons_list-3.xml 
2018-10-24 17:28:19,932 [   8908]   INFO - dea.updater.SdkComponentSource - Downloading https://dl.google.com/android/repository/sys-img/android/sys-img2-1.xml 
2018-10-24 17:28:20,140 [   9116]   INFO - dea.updater.SdkComponentSource - Downloading https://dl.google.com/android/repository/sys-img/android-wear/sys-img2-1.xml 
2018-10-24 17:28:20,157 [   9133]   INFO - .openapi.application.Preloader - com.intellij.ide.ui.search.SearchableOptionPreloader took 1114 ms 
2018-10-24 17:28:20,297 [   9273]   INFO - .openapi.application.Preloader - com.intellij.codeInsight.completion.CompletionPreloader took 140 ms 
2018-10-24 17:28:20,301 [   9277]   INFO - .openapi.application.Preloader - com.intellij.ide.actions.GotoClassPresentationUpdater took 3 ms 
2018-10-24 17:28:20,306 [   9282]   INFO - dea.updater.SdkComponentSource - Downloading https://dl.google.com/android/repository/sys-img/android-wear-cn/sys-img2-1.xml 
2018-10-24 17:28:20,424 [   9400]   INFO - dea.updater.SdkComponentSource - Downloading https://dl.google.com/android/repository/sys-img/android-tv/sys-img2-1.xml 
2018-10-24 17:28:20,555 [   9531]   INFO - dea.updater.SdkComponentSource - Downloading https://dl.google.com/android/repository/sys-img/google_apis/sys-img2-1.xml 
2018-10-24 17:28:20,698 [   9674]   INFO - dea.updater.SdkComponentSource - Downloading https://dl.google.com/android/repository/sys-img/google_apis_playstore/sys-img2-1.xml 
2018-10-24 17:28:20,826 [   9802]   INFO - dea.updater.SdkComponentSource - Downloading https://dl.google.com/android/repository/addon2-1.xml 
2018-10-24 17:28:21,129 [  10105]   INFO - dea.updater.SdkComponentSource - Downloading https://dl.google.com/android/repository/glass/addon2-1.xml 
2018-10-24 17:28:21,235 [  10211]   INFO - dea.updater.SdkComponentSource - Downloading https://dl.google.com/android/repository/extras/intel/addon2-1.xml 
2018-10-24 17:28:34,481 [  23457]   INFO - ellij.project.impl.ProjectImpl - 159 project components initialized in 492 ms 
2018-10-24 17:28:34,482 [  23458]   INFO - le.impl.ModuleManagerComponent - 0 module(s) loaded in 0 ms 
2018-10-24 17:28:34,641 [  23617]   INFO - penapi.project.DumbServiceImpl - cancel com.intellij.openapi.roots.impl.PushedFilePropertiesUpdaterImpl$3@407eed11 
2018-10-24 17:28:34,647 [  23623]   INFO - penapi.project.DumbServiceImpl - cancel com.intellij.openapi.roots.impl.PushedFilePropertiesUpdaterImpl$3@407eed11 
2018-10-24 17:28:34,677 [  23653]   INFO - j.ide.script.IdeStartupScripts - 0 startup script(s) found 
2018-10-24 17:28:34,743 [  23719]   WARN - j.ui.mac.MacMainFrameDecorator - no url bundle present. 
To use platform protocol handler to open external links specify required protocols in the mac app layout section of the build file
Example: args.urlSchemes = ["your-protocol"] will handle following links: your-protocol://open?file=file&line=line 
2018-10-24 17:28:35,323 [  24299]   INFO - ntellij.internal.IconsLoadTime - IMG load time: ide_startup=23.50ms, average=0.40ms, median=0.19ms; number of icons: 59 
2018-10-24 17:28:35,323 [  24299]   INFO - ntellij.internal.IconsLoadTime - SVG load time: ide_startup=384.77ms, average=10.99ms, median=1.25ms; number of icons: 35 
2018-10-24 17:28:35,360 [  24336]   INFO - ge.ExternalProjectsDataStorage - Loaded external projects data in 2 millis 
2018-10-24 17:28:35,402 [  24378]   INFO - .diagnostic.PerformanceWatcher - Post-startup activities under progress took 106ms; general responsiveness: ok; EDT responsiveness: ok 
2018-10-24 17:28:35,943 [  24919]   INFO - penapi.project.DumbServiceImpl - Running dumb mode task: com.intellij.util.indexing.UnindexedFilesUpdater@1cfa7d8 
2018-10-24 17:28:35,943 [  24919]   INFO - tartup.impl.StartupManagerImpl - /Users/antonnagy/IdeaProjects/untitled/.idea case-sensitivity: expected=false actual=false 
2018-10-24 17:28:35,950 [  24926]   INFO - pl.projectlevelman.NewMappings - VCS Root: [] - [<Project>] 
2018-10-24 17:28:35,979 [  24955]   INFO - .diagnostic.PerformanceWatcher - Pushing properties took 7ms; general responsiveness: ok; EDT responsiveness: ok 
2018-10-24 17:28:36,193 [  25169]   INFO - tor.impl.FileEditorManagerImpl - Project opening took 2222 ms 
2018-10-24 17:28:36,193 [  25169]   INFO - llij.ide.plugins.PluginManager - org.jetbrains.kotlin loaded 1395 classes 
2018-10-24 17:28:36,193 [  25169]   INFO - llij.ide.plugins.PluginManager - org.jetbrains.android loaded 1386 classes 
2018-10-24 17:28:36,193 [  25169]   INFO - llij.ide.plugins.PluginManager - org.intellij.groovy loaded 518 classes 
2018-10-24 17:28:36,193 [  25169]   INFO - llij.ide.plugins.PluginManager - org.jetbrains.idea.maven loaded 242 classes 
2018-10-24 17:28:36,193 [  25169]   INFO - llij.ide.plugins.PluginManager - com.intellij.uiDesigner loaded 207 classes 
2018-10-24 17:28:36,193 [  25169]   INFO - llij.ide.plugins.PluginManager - Git4Idea loaded 115 classes 
2018-10-24 17:28:36,193 [  25169]   INFO - llij.ide.plugins.PluginManager - org.jetbrains.debugger.streams loaded 107 classes 
2018-10-24 17:28:36,193 [  25169]   INFO - llij.ide.plugins.PluginManager - com.intellij.tasks loaded 104 classes 
2018-10-24 17:28:36,193 [  25169]   INFO - llij.ide.plugins.PluginManager - CVS loaded 81 classes 
2018-10-24 17:28:36,193 [  25169]   INFO - llij.ide.plugins.PluginManager - org.jetbrains.plugins.gradle loaded 77 classes 
2018-10-24 17:28:36,193 [  25169]   INFO - llij.ide.plugins.PluginManager - XPathView loaded 64 classes 
2018-10-24 17:28:36,193 [  25169]   INFO - llij.ide.plugins.PluginManager - Subversion loaded 61 classes 
2018-10-24 17:28:36,194 [  25170]   INFO - llij.ide.plugins.PluginManager - com.intellij.properties loaded 48 classes 
2018-10-24 17:28:36,194 [  25170]   INFO - llij.ide.plugins.PluginManager - hg4idea loaded 46 classes 
2018-10-24 17:28:36,194 [  25170]   INFO - llij.ide.plugins.PluginManager - DevKit loaded 42 classes 
2018-10-24 17:28:36,194 [  25170]   INFO - llij.ide.plugins.PluginManager - org.jetbrains.settingsRepository loaded 37 classes 
2018-10-24 17:28:36,194 [  25170]   INFO - llij.ide.plugins.PluginManager - AntSupport loaded 29 classes 
2018-10-24 17:28:36,194 [  25170]   INFO - llij.ide.plugins.PluginManager - org.jetbrains.plugins.yaml loaded 24 classes 
2018-10-24 17:28:36,194 [  25170]   INFO - llij.ide.plugins.PluginManager - org.jetbrains.plugins.javaFX loaded 22 classes 
2018-10-24 17:28:36,194 [  25170]   INFO - llij.ide.plugins.PluginManager - org.jetbrains.plugins.github loaded 21 classes 
2018-10-24 17:28:36,194 [  25170]   INFO - llij.ide.plugins.PluginManager - Coverage loaded 15 classes 
2018-10-24 17:28:36,194 [  25170]   INFO - llij.ide.plugins.PluginManager - org.jetbrains.plugins.terminal loaded 9 classes 
2018-10-24 17:28:36,194 [  25170]   INFO - llij.ide.plugins.PluginManager - org.editorconfig.editorconfigjetbrains loaded 9 classes 
2018-10-24 17:28:36,194 [  25170]   INFO - llij.ide.plugins.PluginManager - org.jetbrains.java.decompiler loaded 7 classes 
2018-10-24 17:28:36,194 [  25170]   INFO - llij.ide.plugins.PluginManager - com.intellij.copyright loaded 6 classes 
2018-10-24 17:28:36,194 [  25170]   INFO - llij.ide.plugins.PluginManager - org.intellij.intelliLang loaded 6 classes 
2018-10-24 17:28:36,194 [  25170]   INFO - llij.ide.plugins.PluginManager - JUnit loaded 5 classes 
2018-10-24 17:28:36,194 [  25170]   INFO - llij.ide.plugins.PluginManager - TestNG-J loaded 5 classes 
2018-10-24 17:28:36,194 [  25170]   INFO - llij.ide.plugins.PluginManager - org.jetbrains.idea.eclipse loaded 5 classes 
2018-10-24 17:28:36,194 [  25170]   INFO - llij.ide.plugins.PluginManager - com.android.tools.idea.smali loaded 5 classes 
2018-10-24 17:28:36,194 [  25170]   INFO - llij.ide.plugins.PluginManager - com.intellij.java-i18n loaded 4 classes 
2018-10-24 17:28:36,194 [  25170]   INFO - llij.ide.plugins.PluginManager - XSLT-Debugger loaded 2 classes 
2018-10-24 17:28:36,195 [  25171]   INFO - llij.ide.plugins.PluginManager - ByteCodeViewer loaded 2 classes 
2018-10-24 17:28:36,195 [  25171]   INFO - llij.ide.plugins.PluginManager - com.ASEcomps.RuntimeSearch_Plugin loaded 1 classes 
2018-10-24 17:28:38,321 [  27297]   INFO - .diagnostic.PerformanceWatcher - Indexable file iteration took 2341ms; general responsiveness: ok; EDT responsiveness: ok 
2018-10-24 17:28:38,332 [  27308]   INFO - indexing.UnindexedFilesUpdater - Unindexed files update started: 50708 files to update 
2018-10-24 17:28:50,347 [  39323]   INFO - .script.IdeScriptEngineManager - javax.script.ScriptEngineManager initialized in 20 ms 
2018-10-24 17:28:55,264 [  44240]   INFO - .diagnostic.PerformanceWatcher - Unindexed files update took 16932ms; general responsiveness: ok; EDT responsiveness: ok 
2018-10-24 17:28:55,265 [  44241]   INFO - penapi.project.DumbServiceImpl - Running dumb mode task: initial refresh 
2018-10-24 17:28:55,266 [  44242]   INFO - penapi.project.DumbServiceImpl - updateFinished 
2018-10-24 17:28:55,267 [  44243]   INFO - g.FileBasedIndexProjectHandler - Has changed files: false; project=Project '/Users/antonnagy/IdeaProjects/untitled' untitled 
2018-10-24 17:28:55,363 [  44339]   INFO - j.ide.ui.OptionsTopHitProvider - 94 ms spent to cache options in project 
2018-10-24 17:28:55,452 [  44428]   INFO - j.ide.plugins.RepositoryHelper - using cached plugin list (updated at 10/24/18, 5:28 PM) 
2018-10-24 17:28:55,543 [  44519]   INFO - j.ide.ui.OptionsTopHitProvider - 122 ms spent on EDT to cache options in project 
2018-10-24 17:28:55,552 [  44528]   INFO - penapi.project.DumbServiceImpl - Running dumb mode task: com.android.tools.idea.res.ResourceFolderRepositoryFileCacheImpl$PruneTask@731caafd 
2018-10-24 17:28:55,660 [  44636]   INFO - penapi.project.DumbServiceImpl - Running dumb mode task: com.android.tools.idea.res.ResourceFolderRepositoryFileCacheImpl$ManageLruProjectFilesTask@4d0d2e18 
2018-10-24 17:28:55,778 [  44754]   INFO - penapi.project.DumbServiceImpl - updateFinished 
2018-10-24 17:28:55,778 [  44754]   INFO - g.FileBasedIndexProjectHandler - Has changed files: false; project=Project '/Users/antonnagy/IdeaProjects/untitled' untitled 
2018-10-24 17:28:55,785 [  44761]   INFO - penapi.project.DumbServiceImpl - Running dumb mode task: com.android.tools.idea.res.ResourceFolderRegistry$PopulateCachesTask@5a6b255d 
2018-10-24 17:28:55,786 [  44762]   INFO - penapi.project.DumbServiceImpl - updateFinished 
2018-10-24 17:28:55,786 [  44762]   INFO - g.FileBasedIndexProjectHandler - Has changed files: false; project=Project '/Users/antonnagy/IdeaProjects/untitled' untitled 
2018-10-24 17:28:56,095 [  45071]   INFO - CompilerWorkspaceConfiguration - Available processors: 8 
2018-10-24 17:30:59,023 [ 167999]   INFO - il.indexing.FileBasedIndexImpl - START INDEX SHUTDOWN 
2018-10-24 17:30:59,045 [ 168021]   INFO - il.indexing.FileBasedIndexImpl - END INDEX SHUTDOWN 
2018-10-24 17:30:59,045 [ 168021]   INFO - stubs.SerializationManagerImpl - START StubSerializationManager SHUTDOWN 
2018-10-24 17:30:59,045 [ 168021]   INFO - stubs.SerializationManagerImpl - END StubSerializationManager SHUTDOWN 
2018-10-24 17:30:59,047 [ 168023]   INFO - newvfs.persistent.PersistentFS - VFS dispose started 
2018-10-24 17:30:59,049 [ 168025]   INFO - newvfs.persistent.PersistentFS - VFS dispose completed 
2018-10-24 17:30:59,049 [ 168025]   INFO -        #com.intellij.idea.Main - ------------------------------------------------------ IDE SHUTDOWN ------------------------------------------------------ 
2018-10-24 17:30:59,050 [ 168026]   INFO - org.jetbrains.io.BuiltInServer - web server stopped 
2018-10-24 17:31:03,802 [      0]   INFO -        #com.intellij.idea.Main - ------------------------------------------------------ IDE STARTED ------------------------------------------------------ 
2018-10-24 17:31:03,833 [     31]   INFO -        #com.intellij.idea.Main - IDE: IntelliJ IDEA (build #IC-182.4892.20, 16 Oct 2018 05:03) 
2018-10-24 17:31:03,833 [     31]   INFO -        #com.intellij.idea.Main - OS: Mac OS X (10.13.6, x86_64) 
2018-10-24 17:31:03,833 [     31]   INFO -        #com.intellij.idea.Main - JRE: 1.8.0_152-release-1248-b19 (JetBrains s.r.o) 
2018-10-24 17:31:03,833 [     31]   INFO -        #com.intellij.idea.Main - JVM: 25.152-b19 (OpenJDK 64-Bit Server VM) 
2018-10-24 17:31:03,840 [     38]   INFO -        #com.intellij.idea.Main - JVM Args: -Dapple.awt.fileDialogForDirectories=true -Dapple.laf.useScreenMenuBar=true -Didea.classpath.index.enabled=false -Didea.config.path=/Users/antonnagy/Desktop/School/SeniorYear/Fall/Comps/comps-project/PluginUI/RuntimeSearch_Plugin/build/idea-sandbox/config -Didea.is.internal=true -Didea.platform.prefix=Idea -Didea.plugins.path=/Users/antonnagy/Desktop/School/SeniorYear/Fall/Comps/comps-project/PluginUI/RuntimeSearch_Plugin/build/idea-sandbox/plugins -Didea.required.plugins.id=com.ASEcomps.RuntimeSearch_Plugin -Didea.smooth.progress=false -Didea.system.path=/Users/antonnagy/Desktop/School/SeniorYear/Fall/Comps/comps-project/PluginUI/RuntimeSearch_Plugin/build/idea-sandbox/system -XX:MaxPermSize=250m -Xms256m -Xmx512m -Dfile.encoding=UTF-8 -Duser.country=US -Duser.language=en -Duser.variant -ea 
2018-10-24 17:31:03,840 [     38]   INFO -        #com.intellij.idea.Main - ext: /Users/antonnagy/.gradle/caches/modules-2/files-2.1/com.jetbrains/jbre/jbrex8u152b1248.19_osx_x64/jdk/Contents/Home/jre/lib/ext: [sunec.jar, nashorn.jar, cldrdata.jar, jfxrt.jar, dnsns.jar, localedata.jar, sunjce_provider.jar, meta-index, sunpkcs11.jar, jaccess.jar, zipfs.jar] 
2018-10-24 17:31:03,840 [     38]   INFO -        #com.intellij.idea.Main - ext: /System/Library/Java/Extensions: [MRJToolkit.jar] 
2018-10-24 17:31:03,840 [     38]   INFO -        #com.intellij.idea.Main - charsets: JNU=UTF-8 file=UTF-8 
2018-10-24 17:31:03,858 [     56]   INFO -        #com.intellij.idea.Main - JNA library (64-bit) loaded in 18 ms 
2018-10-24 17:31:03,885 [     83]   INFO -        #com.intellij.idea.Main - initializing environment 
2018-10-24 17:31:03,887 [     85]   INFO - .intellij.util.EnvironmentUtil - loading shell env: /bin/bash -l -i -c '/Users/antonnagy/.gradle/caches/modules-2/files-2.1/com.jetbrains.intellij.idea/ideaIC/2018.2.5/4eea4d6a5b7eb00d32cb399a9214c1b963226f9a/ideaIC-2018.2.5/bin/printenv.py' '/private/var/folders/n_/yj00z7m561136s_x8ym6dpyc0000gn/T/intellij-shell-env.tmp' 
2018-10-24 17:31:03,999 [    197]   INFO - .intellij.util.EnvironmentUtil - shell environment loaded (14 vars) 
2018-10-24 17:31:04,423 [    621]   INFO -     #com.intellij.util.ui.JBUI - User scale factor: 1.0 
2018-10-24 17:31:04,433 [    631]   INFO -     #com.intellij.util.ui.JBUI - System scale factor: 2.0 (JRE-managed HiDPI) 
2018-10-24 17:31:06,275 [   2473]   INFO - .intellij.idea.IdeaApplication - CPU cores: 8; ForkJoinPool.commonPool: java.util.concurrent.ForkJoinPool@260037fb[Running, parallelism = 7, size = 0, active = 0, running = 0, steals = 0, tasks = 0, submissions = 0]; factory: com.intellij.concurrency.IdeaForkJoinWorkerThreadFactory@7a658b6e 
2018-10-24 17:31:06,843 [   3041]   INFO - llij.ide.plugins.PluginManager - Cannot find optional descriptor duplicates-groovy.xml 
2018-10-24 17:31:07,133 [   3331]   INFO - llij.ide.plugins.PluginManager - 35 plugins initialized in 580 ms 
2018-10-24 17:31:07,134 [   3332]   INFO - llij.ide.plugins.PluginManager - Loaded bundled plugins: Android Support (10.3.1.2), Ant Support (1.0), Bytecode Viewer (0.1), CVS Integration (11), Copyright (8.1), Coverage (182.4892.20), Eclipse Integration (3.0), EditorConfig (182.4892.20), Git Integration (8.1), GitHub (182.4892.20), Gradle (182.4892.20), Groovy (9.0), I18n for Java (182.4892.20), IDEA CORE (182.4892.20), IntelliLang (8.0), JUnit (1.0), Java Bytecode Decompiler (182.4892.20), Java Stream Debugger (182.4892.20), JavaFX (1.0), Kotlin (1.2.51-release-IJ2018.2-1), Maven Integration (182.4892.20), Mercurial Integration (10.0), Plugin DevKit (1.0), Properties Support (182.4892.20), Settings Repository (182.4892.20), Smali Support (1.0), Subversion Integration (1.1), Task Management (1.0), Terminal (0.1), TestNG-J (8.0), UI Designer (182.4892.20), XPathView + XSLT Support (4), XSLT-Debugger (1.4), YAML (182.4892.20) 
2018-10-24 17:31:07,134 [   3332]   INFO - llij.ide.plugins.PluginManager - Loaded custom plugins: Plugin display name here (1.0-SNAPSHOT) 
2018-10-24 17:31:07,755 [   3953]   INFO - ellij.util.io.PagedFileStorage - lower=100; upper=435; buffer=10; max=435 
2018-10-24 17:31:07,796 [   3994]   INFO - pl.local.NativeFileWatcherImpl - Starting file watcher: /Users/antonnagy/.gradle/caches/modules-2/files-2.1/com.jetbrains.intellij.idea/ideaIC/2018.2.5/4eea4d6a5b7eb00d32cb399a9214c1b963226f9a/ideaIC-2018.2.5/bin/mac/fsnotifier 
2018-10-24 17:31:07,807 [   4005]   INFO - pl.local.NativeFileWatcherImpl - Native file watcher is operational. 
2018-10-24 17:31:08,008 [   4206]   INFO - pi.util.registry.RegistryState - Registry values changed by user: 
2018-10-24 17:31:08,008 [   4206]   INFO - pi.util.registry.RegistryState -   java.completion.argument.hints.internal = false 
2018-10-24 17:31:08,015 [   4213]   INFO - pi.util.registry.RegistryState - Experimental features enabled for user: inline.browse.button 
2018-10-24 17:31:08,044 [   4242]   INFO - tellij.openapi.util.IconLoader - replace '/nodes/newFolder.png' with 'AllIcons.Nodes.Folder' 
2018-10-24 17:31:08,600 [   4798]   INFO - til.net.ssl.CertificateManager - Default SSL context initialized 
2018-10-24 17:31:08,613 [   4811]   INFO - rains.ide.BuiltInServerManager - built-in server started, port 63343 
2018-10-24 17:31:08,618 [   4816]   INFO - j.ide.ui.OptionsTopHitProvider - 142 ms spent to cache options in application 
2018-10-24 17:31:08,618 [   4816]   INFO - .openapi.application.Preloader - com.intellij.ide.ui.OptionsTopHitProvider$Activity took 141 ms 
2018-10-24 17:31:08,685 [   4883]   INFO - m.intellij.ui.mac.touchbar.NST - touchbar-server isn't running, skip nst loading 
2018-10-24 17:31:08,703 [   4901]   INFO - gs.impl.UpdateCheckerComponent - channel: release 
2018-10-24 17:31:08,811 [   5009]   INFO - il.indexing.FileBasedIndexImpl - Index exts enumerated:72, number of extensions:47 
2018-10-24 17:31:08,944 [   5142]   INFO - il.indexing.FileBasedIndexImpl - Index scheduled:133 
2018-10-24 17:31:08,997 [   5195]   INFO - tellij.psi.stubs.StubIndexImpl - All stub exts enumerated:51, number of extensions:49 
2018-10-24 17:31:08,998 [   5196]   INFO - tellij.psi.stubs.StubIndexImpl - stub exts update scheduled:0 
2018-10-24 17:31:09,545 [   5743]   INFO - plication.impl.ApplicationImpl - 89 application components initialized in 2995ms 
2018-10-24 17:31:09,575 [   5773]   INFO - .intellij.idea.IdeaApplication - App initialization took 6486 ms 
2018-10-24 17:31:09,576 [   5774]   INFO - llij.ide.plugins.PluginManager - org.jetbrains.kotlin loaded 600 classes 
2018-10-24 17:31:09,576 [   5774]   INFO - llij.ide.plugins.PluginManager - org.intellij.groovy loaded 363 classes 
2018-10-24 17:31:09,576 [   5774]   INFO - llij.ide.plugins.PluginManager - org.jetbrains.android loaded 159 classes 
2018-10-24 17:31:09,576 [   5774]   INFO - llij.ide.plugins.PluginManager - org.jetbrains.idea.maven loaded 43 classes 
2018-10-24 17:31:09,576 [   5774]   INFO - llij.ide.plugins.PluginManager - CVS loaded 33 classes 
2018-10-24 17:31:09,576 [   5774]   INFO - llij.ide.plugins.PluginManager - org.jetbrains.settingsRepository loaded 30 classes 
2018-10-24 17:31:09,576 [   5774]   INFO - llij.ide.plugins.PluginManager - com.intellij.properties loaded 26 classes 
2018-10-24 17:31:09,576 [   5774]   INFO - llij.ide.plugins.PluginManager - XPathView loaded 20 classes 
2018-10-24 17:31:09,576 [   5774]   INFO - llij.ide.plugins.PluginManager - org.jetbrains.plugins.yaml loaded 15 classes 
2018-10-24 17:31:09,576 [   5774]   INFO - llij.ide.plugins.PluginManager - hg4idea loaded 13 classes 
2018-10-24 17:31:09,576 [   5774]   INFO - llij.ide.plugins.PluginManager - com.intellij.tasks loaded 13 classes 
2018-10-24 17:31:09,576 [   5774]   INFO - llij.ide.plugins.PluginManager - Subversion loaded 12 classes 
2018-10-24 17:31:09,576 [   5774]   INFO - llij.ide.plugins.PluginManager - org.jetbrains.plugins.javaFX loaded 10 classes 
2018-10-24 17:31:09,576 [   5774]   INFO - llij.ide.plugins.PluginManager - Git4Idea loaded 10 classes 
2018-10-24 17:31:09,576 [   5774]   INFO - llij.ide.plugins.PluginManager - com.intellij.uiDesigner loaded 9 classes 
2018-10-24 17:31:09,577 [   5775]   INFO - llij.ide.plugins.PluginManager - DevKit loaded 7 classes 
2018-10-24 17:31:09,577 [   5775]   INFO - llij.ide.plugins.PluginManager - AntSupport loaded 6 classes 
2018-10-24 17:31:09,577 [   5775]   INFO - llij.ide.plugins.PluginManager - com.android.tools.idea.smali loaded 5 classes 
2018-10-24 17:31:09,577 [   5775]   INFO - llij.ide.plugins.PluginManager - org.intellij.intelliLang loaded 4 classes 
2018-10-24 17:31:09,577 [   5775]   INFO - llij.ide.plugins.PluginManager - org.jetbrains.plugins.gradle loaded 3 classes 
2018-10-24 17:31:09,577 [   5775]   INFO - llij.ide.plugins.PluginManager - org.jetbrains.idea.eclipse loaded 2 classes 
2018-10-24 17:31:09,577 [   5775]   INFO - llij.ide.plugins.PluginManager - org.jetbrains.plugins.github loaded 2 classes 
2018-10-24 17:31:09,577 [   5775]   INFO - llij.ide.plugins.PluginManager - com.intellij.copyright loaded 1 classes 
2018-10-24 17:31:09,577 [   5775]   INFO - llij.ide.plugins.PluginManager - Coverage loaded 1 classes 
2018-10-24 17:31:09,577 [   5775]   INFO - llij.ide.plugins.PluginManager - com.intellij.java-i18n loaded 1 classes 
2018-10-24 17:31:09,577 [   5775]   INFO - llij.ide.plugins.PluginManager - com.ASEcomps.RuntimeSearch_Plugin loaded 1 classes 
2018-10-24 17:31:09,991 [   6189]   INFO - pl$FileIndexDataInitialization - Initialization done:1047 
2018-10-24 17:31:10,023 [   6221]   INFO - exImpl$StubIndexInitialization - Initialization done:31 
2018-10-24 17:31:10,306 [   6504]   INFO - com.intellij.ide.ui.UISettings - Loaded: fontSize=12, fontScale=1.0; restored: fontSize=12, fontScale=1.0 
2018-10-24 17:31:10,563 [   6761]   INFO - j.ide.ui.OptionsTopHitProvider - 572 ms spent on EDT to cache options in application 
2018-10-24 17:31:10,823 [   7021]   INFO - .openapi.application.Preloader - com.intellij.openapi.actionSystem.impl.ActionPreloader took 2203 ms 
2018-10-24 17:31:11,593 [   7791]   INFO - .openapi.application.Preloader - com.intellij.ide.ui.search.SearchableOptionPreloader took 769 ms 
2018-10-24 17:31:11,712 [   7910]   INFO - .openapi.application.Preloader - com.intellij.codeInsight.completion.CompletionPreloader took 118 ms 
2018-10-24 17:31:11,715 [   7913]   INFO - .openapi.application.Preloader - com.intellij.ide.actions.GotoClassPresentationUpdater took 3 ms 
2018-10-24 17:31:37,267 [  33465]   INFO - ellij.project.impl.ProjectImpl - 159 project components initialized in 743 ms 
2018-10-24 17:31:37,349 [  33547]   INFO - le.impl.ModuleManagerComponent - 1 module(s) loaded in 73 ms 
2018-10-24 17:31:37,400 [  33598]   INFO - j.ide.script.IdeStartupScripts - 0 startup script(s) found 
2018-10-24 17:31:37,469 [  33667]   WARN - j.ui.mac.MacMainFrameDecorator - no url bundle present. 
To use platform protocol handler to open external links specify required protocols in the mac app layout section of the build file
Example: args.urlSchemes = ["your-protocol"] will handle following links: your-protocol://open?file=file&line=line 
2018-10-24 17:31:37,875 [  34073]   INFO - ellij.project.impl.ProjectImpl - 20 project components initialized in 15 ms 
2018-10-24 17:31:38,132 [  34330]   INFO - ntellij.internal.IconsLoadTime - IMG load time: ide_startup=41.27ms, average=0.64ms, median=0.93ms; number of icons: 64 
2018-10-24 17:31:38,132 [  34330]   INFO - ntellij.internal.IconsLoadTime - SVG load time: ide_startup=286.68ms, average=9.89ms, median=1.82ms; number of icons: 29 
2018-10-24 17:31:38,155 [  34353]   INFO - penapi.project.DumbServiceImpl - Running dumb mode task: com.intellij.util.indexing.UnindexedFilesUpdater@1724b354 
2018-10-24 17:31:38,191 [  34389]   INFO - ge.ExternalProjectsDataStorage - Loaded external projects data in 3 millis 
2018-10-24 17:31:38,202 [  34400]   INFO - .diagnostic.PerformanceWatcher - Pushing properties took 36ms; general responsiveness: ok; EDT responsiveness: ok 
2018-10-24 17:31:38,237 [  34435]   INFO - .diagnostic.PerformanceWatcher - Post-startup activities under progress took 130ms; general responsiveness: ok; EDT responsiveness: ok 
2018-10-24 17:31:38,301 [  34499]   INFO - tartup.impl.StartupManagerImpl - /Users/antonnagy/IdeaProjects/untitled/.idea case-sensitivity: expected=false actual=false 
2018-10-24 17:31:38,306 [  34504]   INFO - pl.projectlevelman.NewMappings - VCS Root: [] - [<Project>] 
2018-10-24 17:31:38,721 [  34919]   INFO - tor.impl.FileEditorManagerImpl - Project opening took 2206 ms 
2018-10-24 17:31:38,721 [  34919]   INFO - llij.ide.plugins.PluginManager - org.jetbrains.kotlin loaded 1288 classes 
2018-10-24 17:31:38,721 [  34919]   INFO - llij.ide.plugins.PluginManager - org.jetbrains.android loaded 1207 classes 
2018-10-24 17:31:38,721 [  34919]   INFO - llij.ide.plugins.PluginManager - org.intellij.groovy loaded 503 classes 
2018-10-24 17:31:38,721 [  34919]   INFO - llij.ide.plugins.PluginManager - org.jetbrains.idea.maven loaded 210 classes 
2018-10-24 17:31:38,721 [  34919]   INFO - llij.ide.plugins.PluginManager - com.intellij.uiDesigner loaded 207 classes 
2018-10-24 17:31:38,721 [  34919]   INFO - llij.ide.plugins.PluginManager - Git4Idea loaded 115 classes 
2018-10-24 17:31:38,722 [  34920]   INFO - llij.ide.plugins.PluginManager - org.jetbrains.debugger.streams loaded 107 classes 
2018-10-24 17:31:38,722 [  34920]   INFO - llij.ide.plugins.PluginManager - com.intellij.tasks loaded 104 classes 
2018-10-24 17:31:38,722 [  34920]   INFO - llij.ide.plugins.PluginManager - CVS loaded 81 classes 
2018-10-24 17:31:38,722 [  34920]   INFO - llij.ide.plugins.PluginManager - XPathView loaded 64 classes 
2018-10-24 17:31:38,722 [  34920]   INFO - llij.ide.plugins.PluginManager - Subversion loaded 61 classes 
2018-10-24 17:31:38,722 [  34920]   INFO - llij.ide.plugins.PluginManager - org.jetbrains.plugins.gradle loaded 59 classes 
2018-10-24 17:31:38,722 [  34920]   INFO - llij.ide.plugins.PluginManager - hg4idea loaded 46 classes 
2018-10-24 17:31:38,722 [  34920]   INFO - llij.ide.plugins.PluginManager - com.intellij.properties loaded 46 classes 
2018-10-24 17:31:38,722 [  34920]   INFO - llij.ide.plugins.PluginManager - DevKit loaded 41 classes 
2018-10-24 17:31:38,722 [  34920]   INFO - llij.ide.plugins.PluginManager - org.jetbrains.settingsRepository loaded 37 classes 
2018-10-24 17:31:38,722 [  34920]   INFO - llij.ide.plugins.PluginManager - AntSupport loaded 29 classes 
2018-10-24 17:31:38,722 [  34920]   INFO - llij.ide.plugins.PluginManager - org.jetbrains.plugins.javaFX loaded 22 classes 
2018-10-24 17:31:38,722 [  34920]   INFO - llij.ide.plugins.PluginManager - org.jetbrains.plugins.yaml loaded 22 classes 
2018-10-24 17:31:38,722 [  34920]   INFO - llij.ide.plugins.PluginManager - org.jetbrains.plugins.github loaded 21 classes 
2018-10-24 17:31:38,722 [  34920]   INFO - llij.ide.plugins.PluginManager - Coverage loaded 15 classes 
2018-10-24 17:31:38,722 [  34920]   INFO - llij.ide.plugins.PluginManager - org.jetbrains.idea.eclipse loaded 11 classes 
2018-10-24 17:31:38,722 [  34920]   INFO - llij.ide.plugins.PluginManager - org.jetbrains.plugins.terminal loaded 9 classes 
2018-10-24 17:31:38,722 [  34920]   INFO - llij.ide.plugins.PluginManager - org.jetbrains.java.decompiler loaded 7 classes 
2018-10-24 17:31:38,722 [  34920]   INFO - llij.ide.plugins.PluginManager - org.intellij.intelliLang loaded 6 classes 
2018-10-24 17:31:38,722 [  34920]   INFO - llij.ide.plugins.PluginManager - com.intellij.copyright loaded 6 classes 
2018-10-24 17:31:38,722 [  34920]   INFO - llij.ide.plugins.PluginManager - org.editorconfig.editorconfigjetbrains loaded 6 classes 
2018-10-24 17:31:38,722 [  34920]   INFO - llij.ide.plugins.PluginManager - TestNG-J loaded 5 classes 
2018-10-24 17:31:38,722 [  34920]   INFO - llij.ide.plugins.PluginManager - com.android.tools.idea.smali loaded 5 classes 
2018-10-24 17:31:38,722 [  34920]   INFO - llij.ide.plugins.PluginManager - JUnit loaded 5 classes 
2018-10-24 17:31:38,723 [  34921]   INFO - llij.ide.plugins.PluginManager - com.intellij.java-i18n loaded 4 classes 
2018-10-24 17:31:38,723 [  34921]   INFO - llij.ide.plugins.PluginManager - ByteCodeViewer loaded 2 classes 
2018-10-24 17:31:38,723 [  34921]   INFO - llij.ide.plugins.PluginManager - XSLT-Debugger loaded 2 classes 
2018-10-24 17:31:38,723 [  34921]   INFO - llij.ide.plugins.PluginManager - com.ASEcomps.RuntimeSearch_Plugin loaded 1 classes 
2018-10-24 17:31:39,546 [  35744]   INFO - .diagnostic.PerformanceWatcher - Indexable file iteration took 1342ms; general responsiveness: ok; EDT responsiveness: 1/2 sluggish 
2018-10-24 17:31:39,548 [  35746]   INFO - penapi.project.DumbServiceImpl - Running dumb mode task: initial refresh 
2018-10-24 17:31:39,550 [  35748]   INFO - penapi.project.DumbServiceImpl - updateFinished 
2018-10-24 17:31:39,554 [  35752]   INFO - g.FileBasedIndexProjectHandler - Has changed files: false; project=Project '/Users/antonnagy/IdeaProjects/untitled' untitled 
2018-10-24 17:31:39,631 [  35829]   INFO - j.ide.ui.OptionsTopHitProvider - 75 ms spent to cache options in project 
2018-10-24 17:31:39,821 [  36019]   INFO - j.ide.ui.OptionsTopHitProvider - 106 ms spent on EDT to cache options in project 
2018-10-24 17:31:39,831 [  36029]   INFO - penapi.project.DumbServiceImpl - Running dumb mode task: com.android.tools.idea.res.ResourceFolderRepositoryFileCacheImpl$PruneTask@5eb6e7b6 
2018-10-24 17:31:39,939 [  36137]   INFO - penapi.project.DumbServiceImpl - Running dumb mode task: com.android.tools.idea.res.ResourceFolderRepositoryFileCacheImpl$ManageLruProjectFilesTask@5da2c9ad 
2018-10-24 17:31:40,065 [  36263]   INFO - penapi.project.DumbServiceImpl - updateFinished 
2018-10-24 17:31:40,066 [  36264]   INFO - g.FileBasedIndexProjectHandler - Has changed files: false; project=Project '/Users/antonnagy/IdeaProjects/untitled' untitled 
2018-10-24 17:31:40,076 [  36274]   INFO - penapi.project.DumbServiceImpl - Running dumb mode task: com.android.tools.idea.res.ResourceFolderRegistry$PopulateCachesTask@7356c350 
2018-10-24 17:31:40,077 [  36275]   INFO - penapi.project.DumbServiceImpl - updateFinished 
2018-10-24 17:31:40,077 [  36275]   INFO - g.FileBasedIndexProjectHandler - Has changed files: false; project=Project '/Users/antonnagy/IdeaProjects/untitled' untitled 
2018-10-24 17:31:40,385 [  36583]   INFO - CompilerWorkspaceConfiguration - Available processors: 8 
2018-10-24 17:31:56,024 [  52222]   INFO - .script.IdeScriptEngineManager - javax.script.ScriptEngineManager initialized in 15 ms 
2018-10-24 17:31:58,425 [  54623]   INFO - rojectCodeStyleSettingsManager - Initialized from default code style settings. 
2018-10-24 17:32:00,340 [  56538]   INFO - stubs.SerializationManagerImpl - START StubSerializationManager SHUTDOWN 
2018-10-24 17:32:00,340 [  56538]   INFO - stubs.SerializationManagerImpl - END StubSerializationManager SHUTDOWN 
2018-10-24 17:32:00,340 [  56538]   INFO - il.indexing.FileBasedIndexImpl - START INDEX SHUTDOWN 
2018-10-24 17:32:00,353 [  56551]   INFO - il.indexing.FileBasedIndexImpl - END INDEX SHUTDOWN 
2018-10-24 17:32:00,354 [  56552]   INFO - org.jetbrains.io.BuiltInServer - web server stopped 
2018-10-24 17:32:00,356 [  56554]   INFO - Types.impl.FileTypeManagerImpl - FileTypeManager: 0 auto-detected files
Elapsed time on auto-detect: 0 ms 
2018-10-24 17:32:00,359 [  56557]   INFO - pl.local.NativeFileWatcherImpl - Watcher terminated with exit code 0 
2018-10-24 17:32:00,361 [  56559]   INFO - newvfs.persistent.PersistentFS - VFS dispose started 
2018-10-24 17:32:00,365 [  56563]   INFO - newvfs.persistent.PersistentFS - VFS dispose completed 
2018-10-24 17:32:00,366 [  56564]   INFO - plication.impl.ApplicationImpl - Write action Statistics:
Event number:     17
Total time spent: 308ms
Average duration: 18ms
Median  duration: 0ms
Max  duration:    169ms (it was 'write action (class com.intellij.configurationStore.FileBasedStorageKt$doWrite$$inlined$runUndoTransparentWriteAction$1$1)') 
2018-10-24 17:32:00,366 [  56564]   INFO - plication.impl.ApplicationImpl - AnAction.update() Statistics:
Event number:     1999
Total time spent: 76ms
Average duration: 0ms
Median  duration: 0ms
Max  duration:    30ms (it was 'Groovy Shell... action update (class org.jetbrains.plugins.groovy.shell.GroovyShellAction)') 
2018-10-24 17:32:00,366 [  56564]   INFO - plication.impl.ApplicationImpl - Global instance threads created counter = 7; ProcessIOExecutorService threads: 6 
2018-10-24 17:32:00,367 [  56565]   INFO -        #com.intellij.idea.Main - ------------------------------------------------------ IDE SHUTDOWN ------------------------------------------------------ 
2018-10-24 17:32:00,369 [  56567]   INFO - org.jetbrains.io.BuiltInServer - web server stopped 
